
> bizrent-api@0.0.1 start:dev
> nest start --watch

[2J[3J[H[[90m4:13:58 PM[0m] Starting compilation in watch mode...

[[90m4:14:06 PM[0m] Found 0 errors. Watching for file changes.

[32m[Nest] 16604  - [39m04/02/2026, 4:14:09 PM [32m    LOG[39m [38;5;3m[NestFactory] [39m[32mStarting Nest application...[39m
[31m[Nest] 16604  - [39m04/02/2026, 4:14:09 PM [31m  ERROR[39m [38;5;3m[ExceptionHandler] [39mPrismaClientConstructorValidationError: Using engine type "client" requires either "adapter" or "accelerateUrl" to be provided to PrismaClient constructor.
Read more at https://pris.ly/d/client-constructor
    at validateDependentOptions [90m(C:\Users\USER\Desktop\BizRent (1)\bizrent-api\[39mnode_modules\[4m@prisma[24m\client\src\runtime\utils\validatePrismaClientOptions.ts:229:11[90m)[39m
    at validatePrismaClientOptions [90m(C:\Users\USER\Desktop\BizRent (1)\bizrent-api\[39mnode_modules\[4m@prisma[24m\client\src\runtime\utils\validatePrismaClientOptions.ts:246:3[90m)[39m
    at new t [90m(C:\Users\USER\Desktop\BizRent (1)\bizrent-api\[39mnode_modules\[4m@prisma[24m\client\src\runtime\getPrismaClient.ts:342:7[90m)[39m
    at new PrismaService [90m(C:\Users\USER\Desktop\BizRent (1)\bizrent-api\[39msrc\prisma\prisma.service.ts:13:5[90m)[39m
    at Injector.instantiateClass [90m(C:\Users\USER\Desktop\BizRent (1)\bizrent-api\[39mnode_modules\[4m@nestjs[24m\core\injector\injector.js:422:19[90m)[39m
    at callback [90m(C:\Users\USER\Desktop\BizRent (1)\bizrent-api\[39mnode_modules\[4m@nestjs[24m\core\injector\injector.js:70:45[90m)[39m
    at async Injector.resolveConstructorParams [90m(C:\Users\USER\Desktop\BizRent (1)\bizrent-api\[39mnode_modules\[4m@nestjs[24m\core\injector\injector.js:170:24[90m)[39m
    at async Injector.loadInstance [90m(C:\Users\USER\Desktop\BizRent (1)\bizrent-api\[39mnode_modules\[4m@nestjs[24m\core\injector\injector.js:75:13[90m)[39m
    at async Injector.loadProvider [90m(C:\Users\USER\Desktop\BizRent (1)\bizrent-api\[39mnode_modules\[4m@nestjs[24m\core\injector\injector.js:103:9[90m)[39m
    at async [90mC:\Users\USER\Desktop\BizRent (1)\bizrent-api\[39mnode_modules\[4m@nestjs[24m\core\injector\instance-loader.js:56:13
[2J[3J[H[[90m4:15:01 PM[0m] File change detected. Starting incremental compilation...

[[90m4:15:02 PM[0m] Found 0 errors. Watching for file changes.

[32m[Nest] 20280  - [39m04/02/2026, 4:15:04 PM [32m    LOG[39m [38;5;3m[NestFactory] [39m[32mStarting Nest application...[39m
[31m[Nest] 20280  - [39m04/02/2026, 4:15:04 PM [31m  ERROR[39m [38;5;3m[ExceptionHandler] [39mPrismaClientConstructorValidationError: Using engine type "client" requires either "adapter" or "accelerateUrl" to be provided to PrismaClient constructor.
Read more at https://pris.ly/d/client-constructor
    at validateDependentOptions [90m(C:\Users\USER\Desktop\BizRent (1)\bizrent-api\[39mnode_modules\[4m@prisma[24m\client\src\runtime\utils\validatePrismaClientOptions.ts:229:11[90m)[39m
    at validatePrismaClientOptions [90m(C:\Users\USER\Desktop\BizRent (1)\bizrent-api\[39mnode_modules\[4m@prisma[24m\client\src\runtime\utils\validatePrismaClientOptions.ts:246:3[90m)[39m
    at new t [90m(C:\Users\USER\Desktop\BizRent (1)\bizrent-api\[39mnode_modules\[4m@prisma[24m\client\src\runtime\getPrismaClient.ts:342:7[90m)[39m
    at new PrismaService [90m(C:\Users\USER\Desktop\BizRent (1)\bizrent-api\[39msrc\prisma\prisma.service.ts:13:5[90m)[39m
    at Injector.instantiateClass [90m(C:\Users\USER\Desktop\BizRent (1)\bizrent-api\[39mnode_modules\[4m@nestjs[24m\core\injector\injector.js:422:19[90m)[39m
    at callback [90m(C:\Users\USER\Desktop\BizRent (1)\bizrent-api\[39mnode_modules\[4m@nestjs[24m\core\injector\injector.js:70:45[90m)[39m
    at async Injector.resolveConstructorParams [90m(C:\Users\USER\Desktop\BizRent (1)\bizrent-api\[39mnode_modules\[4m@nestjs[24m\core\injector\injector.js:170:24[90m)[39m
    at async Injector.loadInstance [90m(C:\Users\USER\Desktop\BizRent (1)\bizrent-api\[39mnode_modules\[4m@nestjs[24m\core\injector\injector.js:75:13[90m)[39m
    at async Injector.loadProvider [90m(C:\Users\USER\Desktop\BizRent (1)\bizrent-api\[39mnode_modules\[4m@nestjs[24m\core\injector\injector.js:103:9[90m)[39m
    at async [90mC:\Users\USER\Desktop\BizRent (1)\bizrent-api\[39mnode_modules\[4m@nestjs[24m\core\injector\instance-loader.js:56:13
[2J[3J[H[[90m4:15:28 PM[0m] File change detected. Starting incremental compilation...

[96mprisma.config.ts[0m:[93m4[0m:[93m30[0m - [91merror[0m[90m TS2307: [0mCannot find module 'prisma/config' or its corresponding type declarations.

[7m4[0m import { defineConfig } from "prisma/config";
[7m [0m [91m                             ~~~~~~~~~~~~~~~[0m

[96msrc/auth/decorators/roles.decorator.ts[0m:[93m2[0m:[93m32[0m - [91merror[0m[90m TS2307: [0mCannot find module '@prisma/client' or its corresponding type declarations.

[7m2[0m import { user_role_enum } from '@prisma/client';
[7m [0m [91m                               ~~~~~~~~~~~~~~~~[0m

[96msrc/auth/guards/roles.guard.ts[0m:[93m9[0m:[93m32[0m - [91merror[0m[90m TS2307: [0mCannot find module '@prisma/client' or its corresponding type declarations.

[7m9[0m import { user_role_enum } from '@prisma/client';
[7m [0m [91m                               ~~~~~~~~~~~~~~~~[0m

[96msrc/prisma/prisma.service.ts[0m:[93m2[0m:[93m30[0m - [91merror[0m[90m TS2307: [0mCannot find module '@prisma/client' or its corresponding type declarations.

[7m2[0m import { PrismaClient } from '@prisma/client';
[7m [0m [91m                             ~~~~~~~~~~~~~~~~[0m

[96msrc/prisma/prisma.service.ts[0m:[93m18[0m:[93m26[0m - [91merror[0m[90m TS2339: [0mProperty '$extends' does not exist on type 'PrismaService'.

[7m18[0m     this.extended = this.$extends({
[7m  [0m [91m                         ~~~~~~~~[0m

[96msrc/prisma/prisma.service.ts[0m:[93m28[0m:[93m45[0m - [91merror[0m[90m TS2339: [0mProperty '$transaction' does not exist on type 'PrismaService'.

[7m28[0m               const [, result] = await self.$transaction([
[7m  [0m [91m                                            ~~~~~~~~~~~~[0m

[96msrc/prisma/prisma.service.ts[0m:[93m29[0m:[93m22[0m - [91merror[0m[90m TS2339: [0mProperty '$executeRawUnsafe' does not exist on type 'PrismaService'.

[7m29[0m                 self.$executeRawUnsafe(
[7m  [0m [91m                     ~~~~~~~~~~~~~~~~~[0m

[96msrc/prisma/prisma.service.ts[0m:[93m45[0m:[93m16[0m - [91merror[0m[90m TS2339: [0mProperty '$connect' does not exist on type 'PrismaService'.

[7m45[0m     await this.$connect();
[7m  [0m [91m               ~~~~~~~~[0m

[96msrc/prisma/prisma.service.ts[0m:[93m49[0m:[93m16[0m - [91merror[0m[90m TS2339: [0mProperty '$disconnect' does not exist on type 'PrismaService'.

[7m49[0m     await this.$disconnect();
[7m  [0m [91m               ~~~~~~~~~~~[0m

[[90m4:15:32 PM[0m] Found 9 errors. Watching for file changes.

[2J[3J[H[[90m4:15:33 PM[0m] File change detected. Starting incremental compilation...

[96mprisma.config.ts[0m:[93m4[0m:[93m30[0m - [91merror[0m[90m TS2307: [0mCannot find module 'prisma/config' or its corresponding type declarations.

[7m4[0m import { defineConfig } from "prisma/config";
[7m [0m [91m                             ~~~~~~~~~~~~~~~[0m

[96msrc/auth/decorators/roles.decorator.ts[0m:[93m2[0m:[93m32[0m - [91merror[0m[90m TS2307: [0mCannot find module '@prisma/client' or its corresponding type declarations.

[7m2[0m import { user_role_enum } from '@prisma/client';
[7m [0m [91m                               ~~~~~~~~~~~~~~~~[0m

[96msrc/auth/guards/roles.guard.ts[0m:[93m9[0m:[93m32[0m - [91merror[0m[90m TS2307: [0mCannot find module '@prisma/client' or its corresponding type declarations.

[7m9[0m import { user_role_enum } from '@prisma/client';
[7m [0m [91m                               ~~~~~~~~~~~~~~~~[0m

[96msrc/prisma/prisma.service.ts[0m:[93m2[0m:[93m30[0m - [91merror[0m[90m TS2307: [0mCannot find module '@prisma/client' or its corresponding type declarations.

[7m2[0m import { PrismaClient } from '@prisma/client';
[7m [0m [91m                             ~~~~~~~~~~~~~~~~[0m

[96msrc/prisma/prisma.service.ts[0m:[93m18[0m:[93m26[0m - [91merror[0m[90m TS2339: [0mProperty '$extends' does not exist on type 'PrismaService'.

[7m18[0m     this.extended = this.$extends({
[7m  [0m [91m                         ~~~~~~~~[0m

[96msrc/prisma/prisma.service.ts[0m:[93m28[0m:[93m45[0m - [91merror[0m[90m TS2339: [0mProperty '$transaction' does not exist on type 'PrismaService'.

[7m28[0m               const [, result] = await self.$transaction([
[7m  [0m [91m                                            ~~~~~~~~~~~~[0m

[96msrc/prisma/prisma.service.ts[0m:[93m29[0m:[93m22[0m - [91merror[0m[90m TS2339: [0mProperty '$executeRawUnsafe' does not exist on type 'PrismaService'.

[7m29[0m                 self.$executeRawUnsafe(
[7m  [0m [91m                     ~~~~~~~~~~~~~~~~~[0m

[96msrc/prisma/prisma.service.ts[0m:[93m45[0m:[93m16[0m - [91merror[0m[90m TS2339: [0mProperty '$connect' does not exist on type 'PrismaService'.

[7m45[0m     await this.$connect();
[7m  [0m [91m               ~~~~~~~~[0m

[96msrc/prisma/prisma.service.ts[0m:[93m49[0m:[93m16[0m - [91merror[0m[90m TS2339: [0mProperty '$disconnect' does not exist on type 'PrismaService'.

[7m49[0m     await this.$disconnect();
[7m  [0m [91m               ~~~~~~~~~~~[0m

[[90m4:15:33 PM[0m] Found 9 errors. Watching for file changes.

[2J[3J[H[[90m4:15:40 PM[0m] File change detected. Starting incremental compilation...

[96mprisma.config.ts[0m:[93m4[0m:[93m30[0m - [91merror[0m[90m TS2307: [0mCannot find module 'prisma/config' or its corresponding type declarations.

[7m4[0m import { defineConfig } from "prisma/config";
[7m [0m [91m                             ~~~~~~~~~~~~~~~[0m

[96msrc/auth/decorators/roles.decorator.ts[0m:[93m2[0m:[93m32[0m - [91merror[0m[90m TS2307: [0mCannot find module '@prisma/client' or its corresponding type declarations.

[7m2[0m import { user_role_enum } from '@prisma/client';
[7m [0m [91m                               ~~~~~~~~~~~~~~~~[0m

[96msrc/auth/guards/roles.guard.ts[0m:[93m9[0m:[93m32[0m - [91merror[0m[90m TS2307: [0mCannot find module '@prisma/client' or its corresponding type declarations.

[7m9[0m import { user_role_enum } from '@prisma/client';
[7m [0m [91m                               ~~~~~~~~~~~~~~~~[0m

[96msrc/prisma/prisma.service.ts[0m:[93m2[0m:[93m30[0m - [91merror[0m[90m TS2307: [0mCannot find module '@prisma/client' or its corresponding type declarations.

[7m2[0m import { PrismaClient } from '@prisma/client';
[7m [0m [91m                             ~~~~~~~~~~~~~~~~[0m

[96msrc/prisma/prisma.service.ts[0m:[93m18[0m:[93m26[0m - [91merror[0m[90m TS2339: [0mProperty '$extends' does not exist on type 'PrismaService'.

[7m18[0m     this.extended = this.$extends({
[7m  [0m [91m                         ~~~~~~~~[0m

[96msrc/prisma/prisma.service.ts[0m:[93m28[0m:[93m45[0m - [91merror[0m[90m TS2339: [0mProperty '$transaction' does not exist on type 'PrismaService'.

[7m28[0m               const [, result] = await self.$transaction([
[7m  [0m [91m                                            ~~~~~~~~~~~~[0m

[96msrc/prisma/prisma.service.ts[0m:[93m29[0m:[93m22[0m - [91merror[0m[90m TS2339: [0mProperty '$executeRawUnsafe' does not exist on type 'PrismaService'.

[7m29[0m                 self.$executeRawUnsafe(
[7m  [0m [91m                     ~~~~~~~~~~~~~~~~~[0m

[96msrc/prisma/prisma.service.ts[0m:[93m45[0m:[93m16[0m - [91merror[0m[90m TS2339: [0mProperty '$connect' does not exist on type 'PrismaService'.

[7m45[0m     await this.$connect();
[7m  [0m [91m               ~~~~~~~~[0m

[96msrc/prisma/prisma.service.ts[0m:[93m49[0m:[93m16[0m - [91merror[0m[90m TS2339: [0mProperty '$disconnect' does not exist on type 'PrismaService'.

[7m49[0m     await this.$disconnect();
[7m  [0m [91m               ~~~~~~~~~~~[0m

[[90m4:15:40 PM[0m] Found 9 errors. Watching for file changes.

[2J[3J[H[[90m4:15:40 PM[0m] File change detected. Starting incremental compilation...

[96mprisma.config.ts[0m:[93m4[0m:[93m30[0m - [91merror[0m[90m TS2307: [0mCannot find module 'prisma/config' or its corresponding type declarations.

[7m4[0m import { defineConfig } from "prisma/config";
[7m [0m [91m                             ~~~~~~~~~~~~~~~[0m

[[90m4:15:41 PM[0m] Found 1 error. Watching for file changes.

[2J[3J[H[[90m4:16:18 PM[0m] File change detected. Starting incremental compilation...

[96mprisma.config.ts[0m:[93m4[0m:[93m30[0m - [91merror[0m[90m TS2307: [0mCannot find module 'prisma/config' or its corresponding type declarations.

[7m4[0m import { defineConfig } from "prisma/config";
[7m [0m [91m                             ~~~~~~~~~~~~~~~[0m

[[90m4:16:18 PM[0m] Found 1 error. Watching for file changes.

[2J[3J[H[[90m4:16:50 PM[0m] File change detected. Starting incremental compilation...

[96mprisma.config.ts[0m:[93m4[0m:[93m30[0m - [91merror[0m[90m TS2307: [0mCannot find module 'prisma/config' or its corresponding type declarations.

[7m4[0m import { defineConfig } from "prisma/config";
[7m [0m [91m                             ~~~~~~~~~~~~~~~[0m

[[90m4:16:51 PM[0m] Found 1 error. Watching for file changes.

[2J[3J[H[[90m4:17:12 PM[0m] File change detected. Starting incremental compilation...

[[90m4:17:12 PM[0m] Found 0 errors. Watching for file changes.

[32m[Nest] 10388  - [39m04/02/2026, 4:17:14 PM [32m    LOG[39m [38;5;3m[NestFactory] [39m[32mStarting Nest application...[39m
[32m[Nest] 10388  - [39m04/02/2026, 4:17:14 PM [32m    LOG[39m [38;5;3m[InstanceLoader] [39m[32mPrismaModule dependencies initialized[39m[38;5;3m +34ms[39m
[32m[Nest] 10388  - [39m04/02/2026, 4:17:14 PM [32m    LOG[39m [38;5;3m[InstanceLoader] [39m[32mPassportModule dependencies initialized[39m[38;5;3m +0ms[39m
[32m[Nest] 10388  - [39m04/02/2026, 4:17:14 PM [32m    LOG[39m [38;5;3m[InstanceLoader] [39m[32mConfigHostModule dependencies initialized[39m[38;5;3m +10ms[39m
[32m[Nest] 10388  - [39m04/02/2026, 4:17:14 PM [32m    LOG[39m [38;5;3m[InstanceLoader] [39m[32mJwtModule dependencies initialized[39m[38;5;3m +0ms[39m
[32m[Nest] 10388  - [39m04/02/2026, 4:17:14 PM [32m    LOG[39m [38;5;3m[InstanceLoader] [39m[32mAppModule dependencies initialized[39m[38;5;3m +0ms[39m
[32m[Nest] 10388  - [39m04/02/2026, 4:17:14 PM [32m    LOG[39m [38;5;3m[InstanceLoader] [39m[32mConfigModule dependencies initialized[39m[38;5;3m +0ms[39m
[32m[Nest] 10388  - [39m04/02/2026, 4:17:14 PM [32m    LOG[39m [38;5;3m[InstanceLoader] [39m[32mAuthModule dependencies initialized[39m[38;5;3m +1ms[39m
[32m[Nest] 10388  - [39m04/02/2026, 4:17:14 PM [32m    LOG[39m [38;5;3m[RoutesResolver] [39m[32mAppController {/api/v1}:[39m[38;5;3m +49ms[39m
[32m[Nest] 10388  - [39m04/02/2026, 4:17:14 PM [32m    LOG[39m [38;5;3m[RouterExplorer] [39m[32mMapped {/api/v1, GET} route[39m[38;5;3m +4ms[39m
[32m[Nest] 10388  - [39m04/02/2026, 4:17:14 PM [32m    LOG[39m [38;5;3m[RoutesResolver] [39m[32mAuthController {/api/v1/auth}:[39m[38;5;3m +0ms[39m
[32m[Nest] 10388  - [39m04/02/2026, 4:17:14 PM [32m    LOG[39m [38;5;3m[RouterExplorer] [39m[32mMapped {/api/v1/auth/login, POST} route[39m[38;5;3m +1ms[39m
[32m[Nest] 10388  - [39m04/02/2026, 4:17:14 PM [32m    LOG[39m [38;5;3m[RouterExplorer] [39m[32mMapped {/api/v1/auth/refresh, POST} route[39m[38;5;3m +0ms[39m
prisma:info Starting a postgresql pool with 9 connections.
[32m[Nest] 10388  - [39m04/02/2026, 4:17:15 PM [32m    LOG[39m [38;5;3m[NestApplication] [39m[32mNest application successfully started[39m[38;5;3m +1377ms[39m
[2J[3J[H[[90m4:27:06 PM[0m] File change detected. Starting incremental compilation...

[96msrc/properties/dto/update-property.dto.ts[0m:[93m1[0m:[93m29[0m - [91merror[0m[90m TS2307: [0mCannot find module '@nestjs/mapped-types' or its corresponding type declarations.

[7m1[0m import { PartialType } from '@nestjs/mapped-types';
[7m [0m [91m                            ~~~~~~~~~~~~~~~~~~~~~~[0m

[[90m4:27:06 PM[0m] Found 1 error. Watching for file changes.

[2J[3J[H[[90m4:27:11 PM[0m] File change detected. Starting incremental compilation...

[[90m4:27:12 PM[0m] Found 0 errors. Watching for file changes.

[32m[Nest] 4984  - [39m04/02/2026, 4:27:15 PM [32m    LOG[39m [38;5;3m[NestFactory] [39m[32mStarting Nest application...[39m
[32m[Nest] 4984  - [39m04/02/2026, 4:27:15 PM [32m    LOG[39m [38;5;3m[InstanceLoader] [39m[32mPrismaModule dependencies initialized[39m[38;5;3m +66ms[39m
[32m[Nest] 4984  - [39m04/02/2026, 4:27:15 PM [32m    LOG[39m [38;5;3m[InstanceLoader] [39m[32mPassportModule dependencies initialized[39m[38;5;3m +0ms[39m
[32m[Nest] 4984  - [39m04/02/2026, 4:27:15 PM [32m    LOG[39m [38;5;3m[InstanceLoader] [39m[32mConfigHostModule dependencies initialized[39m[38;5;3m +16ms[39m
[32m[Nest] 4984  - [39m04/02/2026, 4:27:15 PM [32m    LOG[39m [38;5;3m[InstanceLoader] [39m[32mJwtModule dependencies initialized[39m[38;5;3m +0ms[39m
[32m[Nest] 4984  - [39m04/02/2026, 4:27:15 PM [32m    LOG[39m [38;5;3m[InstanceLoader] [39m[32mAppModule dependencies initialized[39m[38;5;3m +1ms[39m
[32m[Nest] 4984  - [39m04/02/2026, 4:27:15 PM [32m    LOG[39m [38;5;3m[InstanceLoader] [39m[32mPropertiesModule dependencies initialized[39m[38;5;3m +0ms[39m
[32m[Nest] 4984  - [39m04/02/2026, 4:27:15 PM [32m    LOG[39m [38;5;3m[InstanceLoader] [39m[32mConfigModule dependencies initialized[39m[38;5;3m +0ms[39m
[32m[Nest] 4984  - [39m04/02/2026, 4:27:15 PM [32m    LOG[39m [38;5;3m[InstanceLoader] [39m[32mAuthModule dependencies initialized[39m[38;5;3m +1ms[39m
[32m[Nest] 4984  - [39m04/02/2026, 4:27:15 PM [32m    LOG[39m [38;5;3m[RoutesResolver] [39m[32mAppController {/api/v1}:[39m[38;5;3m +16ms[39m
[32m[Nest] 4984  - [39m04/02/2026, 4:27:15 PM [32m    LOG[39m [38;5;3m[RouterExplorer] [39m[32mMapped {/api/v1, GET} route[39m[38;5;3m +9ms[39m
[32m[Nest] 4984  - [39m04/02/2026, 4:27:15 PM [32m    LOG[39m [38;5;3m[RoutesResolver] [39m[32mAuthController {/api/v1/auth}:[39m[38;5;3m +0ms[39m
[32m[Nest] 4984  - [39m04/02/2026, 4:27:15 PM [32m    LOG[39m [38;5;3m[RouterExplorer] [39m[32mMapped {/api/v1/auth/login, POST} route[39m[38;5;3m +2ms[39m
[32m[Nest] 4984  - [39m04/02/2026, 4:27:15 PM [32m    LOG[39m [38;5;3m[RouterExplorer] [39m[32mMapped {/api/v1/auth/refresh, POST} route[39m[38;5;3m +1ms[39m
[32m[Nest] 4984  - [39m04/02/2026, 4:27:15 PM [32m    LOG[39m [38;5;3m[RoutesResolver] [39m[32mPropertiesController {/api/v1/properties}:[39m[38;5;3m +1ms[39m
[32m[Nest] 4984  - [39m04/02/2026, 4:27:15 PM [32m    LOG[39m [38;5;3m[RouterExplorer] [39m[32mMapped {/api/v1/properties, POST} route[39m[38;5;3m +1ms[39m
[32m[Nest] 4984  - [39m04/02/2026, 4:27:15 PM [32m    LOG[39m [38;5;3m[RouterExplorer] [39m[32mMapped {/api/v1/properties, GET} route[39m[38;5;3m +1ms[39m
[32m[Nest] 4984  - [39m04/02/2026, 4:27:15 PM [32m    LOG[39m [38;5;3m[RouterExplorer] [39m[32mMapped {/api/v1/properties/:id, GET} route[39m[38;5;3m +2ms[39m
[32m[Nest] 4984  - [39m04/02/2026, 4:27:15 PM [32m    LOG[39m [38;5;3m[RouterExplorer] [39m[32mMapped {/api/v1/properties/:id, PATCH} route[39m[38;5;3m +1ms[39m
[32m[Nest] 4984  - [39m04/02/2026, 4:27:15 PM [32m    LOG[39m [38;5;3m[RouterExplorer] [39m[32mMapped {/api/v1/properties/:id, DELETE} route[39m[38;5;3m +1ms[39m
prisma:info Starting a postgresql pool with 9 connections.
[32m[Nest] 4984  - [39m04/02/2026, 4:27:16 PM [32m    LOG[39m [38;5;3m[NestApplication] [39m[32mNest application successfully started[39m[38;5;3m +1486ms[39m
[2J[3J[H[[90m4:27:44 PM[0m] File change detected. Starting incremental compilation...

[[90m4:27:45 PM[0m] Found 0 errors. Watching for file changes.

[32m[Nest] 16592  - [39m04/02/2026, 4:27:48 PM [32m    LOG[39m [38;5;3m[NestFactory] [39m[32mStarting Nest application...[39m
[32m[Nest] 16592  - [39m04/02/2026, 4:27:48 PM [32m    LOG[39m [38;5;3m[InstanceLoader] [39m[32mPrismaModule dependencies initialized[39m[38;5;3m +51ms[39m
[32m[Nest] 16592  - [39m04/02/2026, 4:27:48 PM [32m    LOG[39m [38;5;3m[InstanceLoader] [39m[32mPassportModule dependencies initialized[39m[38;5;3m +0ms[39m
[32m[Nest] 16592  - [39m04/02/2026, 4:27:48 PM [32m    LOG[39m [38;5;3m[InstanceLoader] [39m[32mConfigHostModule dependencies initialized[39m[38;5;3m +7ms[39m
[32m[Nest] 16592  - [39m04/02/2026, 4:27:48 PM [32m    LOG[39m [38;5;3m[InstanceLoader] [39m[32mJwtModule dependencies initialized[39m[38;5;3m +0ms[39m
[32m[Nest] 16592  - [39m04/02/2026, 4:27:48 PM [32m    LOG[39m [38;5;3m[InstanceLoader] [39m[32mAppModule dependencies initialized[39m[38;5;3m +1ms[39m
[32m[Nest] 16592  - [39m04/02/2026, 4:27:48 PM [32m    LOG[39m [38;5;3m[InstanceLoader] [39m[32mPropertiesModule dependencies initialized[39m[38;5;3m +0ms[39m
[32m[Nest] 16592  - [39m04/02/2026, 4:27:48 PM [32m    LOG[39m [38;5;3m[InstanceLoader] [39m[32mPaymentsModule dependencies initialized[39m[38;5;3m +0ms[39m
[32m[Nest] 16592  - [39m04/02/2026, 4:27:48 PM [32m    LOG[39m [38;5;3m[InstanceLoader] [39m[32mConfigModule dependencies initialized[39m[38;5;3m +0ms[39m
[32m[Nest] 16592  - [39m04/02/2026, 4:27:48 PM [32m    LOG[39m [38;5;3m[InstanceLoader] [39m[32mAuthModule dependencies initialized[39m[38;5;3m +1ms[39m
[32m[Nest] 16592  - [39m04/02/2026, 4:27:48 PM [32m    LOG[39m [38;5;3m[RoutesResolver] [39m[32mAppController {/api/v1}:[39m[38;5;3m +10ms[39m
[32m[Nest] 16592  - [39m04/02/2026, 4:27:48 PM [32m    LOG[39m [38;5;3m[RouterExplorer] [39m[32mMapped {/api/v1, GET} route[39m[38;5;3m +6ms[39m
[32m[Nest] 16592  - [39m04/02/2026, 4:27:48 PM [32m    LOG[39m [38;5;3m[RoutesResolver] [39m[32mAuthController {/api/v1/auth}:[39m[38;5;3m +0ms[39m
[32m[Nest] 16592  - [39m04/02/2026, 4:27:48 PM [32m    LOG[39m [38;5;3m[RouterExplorer] [39m[32mMapped {/api/v1/auth/login, POST} route[39m[38;5;3m +1ms[39m
[32m[Nest] 16592  - [39m04/02/2026, 4:27:48 PM [32m    LOG[39m [38;5;3m[RouterExplorer] [39m[32mMapped {/api/v1/auth/refresh, POST} route[39m[38;5;3m +2ms[39m
[32m[Nest] 16592  - [39m04/02/2026, 4:27:48 PM [32m    LOG[39m [38;5;3m[RoutesResolver] [39m[32mPropertiesController {/api/v1/properties}:[39m[38;5;3m +0ms[39m
[32m[Nest] 16592  - [39m04/02/2026, 4:27:48 PM [32m    LOG[39m [38;5;3m[RouterExplorer] [39m[32mMapped {/api/v1/properties, POST} route[39m[38;5;3m +1ms[39m
[32m[Nest] 16592  - [39m04/02/2026, 4:27:48 PM [32m    LOG[39m [38;5;3m[RouterExplorer] [39m[32mMapped {/api/v1/properties, GET} route[39m[38;5;3m +1ms[39m
[32m[Nest] 16592  - [39m04/02/2026, 4:27:48 PM [32m    LOG[39m [38;5;3m[RouterExplorer] [39m[32mMapped {/api/v1/properties/:id, GET} route[39m[38;5;3m +1ms[39m
[32m[Nest] 16592  - [39m04/02/2026, 4:27:48 PM [32m    LOG[39m [38;5;3m[RouterExplorer] [39m[32mMapped {/api/v1/properties/:id, PATCH} route[39m[38;5;3m +1ms[39m
[32m[Nest] 16592  - [39m04/02/2026, 4:27:48 PM [32m    LOG[39m [38;5;3m[RouterExplorer] [39m[32mMapped {/api/v1/properties/:id, DELETE} route[39m[38;5;3m +0ms[39m
[32m[Nest] 16592  - [39m04/02/2026, 4:27:48 PM [32m    LOG[39m [38;5;3m[RoutesResolver] [39m[32mPaymentsController {/api/v1/payments}:[39m[38;5;3m +1ms[39m
[32m[Nest] 16592  - [39m04/02/2026, 4:27:48 PM [32m    LOG[39m [38;5;3m[RouterExplorer] [39m[32mMapped {/api/v1/payments, POST} route[39m[38;5;3m +0ms[39m
[32m[Nest] 16592  - [39m04/02/2026, 4:27:48 PM [32m    LOG[39m [38;5;3m[RouterExplorer] [39m[32mMapped {/api/v1/payments, GET} route[39m[38;5;3m +1ms[39m
[32m[Nest] 16592  - [39m04/02/2026, 4:27:48 PM [32m    LOG[39m [38;5;3m[RouterExplorer] [39m[32mMapped {/api/v1/payments/:id, GET} route[39m[38;5;3m +1ms[39m
[32m[Nest] 16592  - [39m04/02/2026, 4:27:48 PM [32m    LOG[39m [38;5;3m[RouterExplorer] [39m[32mMapped {/api/v1/payments/:id, PATCH} route[39m[38;5;3m +0ms[39m
[32m[Nest] 16592  - [39m04/02/2026, 4:27:48 PM [32m    LOG[39m [38;5;3m[RouterExplorer] [39m[32mMapped {/api/v1/payments/:id, DELETE} route[39m[38;5;3m +0ms[39m
prisma:info Starting a postgresql pool with 9 connections.
[32m[Nest] 16592  - [39m04/02/2026, 4:27:50 PM [32m    LOG[39m [38;5;3m[NestApplication] [39m[32mNest application successfully started[39m[38;5;3m +1360ms[39m
[2J[3J[H[[90m4:28:32 PM[0m] File change detected. Starting incremental compilation...

[[90m4:28:33 PM[0m] Found 0 errors. Watching for file changes.

[32m[Nest] 20640  - [39m04/02/2026, 4:28:35 PM [32m    LOG[39m [38;5;3m[NestFactory] [39m[32mStarting Nest application...[39m
[32m[Nest] 20640  - [39m04/02/2026, 4:28:35 PM [32m    LOG[39m [38;5;3m[InstanceLoader] [39m[32mPrismaModule dependencies initialized[39m[38;5;3m +96ms[39m
[32m[Nest] 20640  - [39m04/02/2026, 4:28:35 PM [32m    LOG[39m [38;5;3m[InstanceLoader] [39m[32mPassportModule dependencies initialized[39m[38;5;3m +1ms[39m
[32m[Nest] 20640  - [39m04/02/2026, 4:28:35 PM [32m    LOG[39m [38;5;3m[InstanceLoader] [39m[32mConfigHostModule dependencies initialized[39m[38;5;3m +15ms[39m
[32m[Nest] 20640  - [39m04/02/2026, 4:28:35 PM [32m    LOG[39m [38;5;3m[InstanceLoader] [39m[32mJwtModule dependencies initialized[39m[38;5;3m +1ms[39m
[32m[Nest] 20640  - [39m04/02/2026, 4:28:35 PM [32m    LOG[39m [38;5;3m[InstanceLoader] [39m[32mAppModule dependencies initialized[39m[38;5;3m +1ms[39m
[32m[Nest] 20640  - [39m04/02/2026, 4:28:35 PM [32m    LOG[39m [38;5;3m[InstanceLoader] [39m[32mPropertiesModule dependencies initialized[39m[38;5;3m +0ms[39m
[32m[Nest] 20640  - [39m04/02/2026, 4:28:35 PM [32m    LOG[39m [38;5;3m[InstanceLoader] [39m[32mPaymentsModule dependencies initialized[39m[38;5;3m +1ms[39m
[32m[Nest] 20640  - [39m04/02/2026, 4:28:35 PM [32m    LOG[39m [38;5;3m[InstanceLoader] [39m[32mReportsModule dependencies initialized[39m[38;5;3m +0ms[39m
[32m[Nest] 20640  - [39m04/02/2026, 4:28:35 PM [32m    LOG[39m [38;5;3m[InstanceLoader] [39m[32mConfigModule dependencies initialized[39m[38;5;3m +1ms[39m
[32m[Nest] 20640  - [39m04/02/2026, 4:28:35 PM [32m    LOG[39m [38;5;3m[InstanceLoader] [39m[32mAuthModule dependencies initialized[39m[38;5;3m +1ms[39m
[32m[Nest] 20640  - [39m04/02/2026, 4:28:35 PM [32m    LOG[39m [38;5;3m[RoutesResolver] [39m[32mAppController {/api/v1}:[39m[38;5;3m +21ms[39m
[32m[Nest] 20640  - [39m04/02/2026, 4:28:35 PM [32m    LOG[39m [38;5;3m[RouterExplorer] [39m[32mMapped {/api/v1, GET} route[39m[38;5;3m +13ms[39m
[32m[Nest] 20640  - [39m04/02/2026, 4:28:35 PM [32m    LOG[39m [38;5;3m[RoutesResolver] [39m[32mAuthController {/api/v1/auth}:[39m[38;5;3m +1ms[39m
[32m[Nest] 20640  - [39m04/02/2026, 4:28:35 PM [32m    LOG[39m [38;5;3m[RouterExplorer] [39m[32mMapped {/api/v1/auth/login, POST} route[39m[38;5;3m +2ms[39m
[32m[Nest] 20640  - [39m04/02/2026, 4:28:35 PM [32m    LOG[39m [38;5;3m[RouterExplorer] [39m[32mMapped {/api/v1/auth/refresh, POST} route[39m[38;5;3m +2ms[39m
[32m[Nest] 20640  - [39m04/02/2026, 4:28:35 PM [32m    LOG[39m [38;5;3m[RoutesResolver] [39m[32mPropertiesController {/api/v1/properties}:[39m[38;5;3m +0ms[39m
[32m[Nest] 20640  - [39m04/02/2026, 4:28:35 PM [32m    LOG[39m [38;5;3m[RouterExplorer] [39m[32mMapped {/api/v1/properties, POST} route[39m[38;5;3m +2ms[39m
[32m[Nest] 20640  - [39m04/02/2026, 4:28:35 PM [32m    LOG[39m [38;5;3m[RouterExplorer] [39m[32mMapped {/api/v1/properties, GET} route[39m[38;5;3m +1ms[39m
[32m[Nest] 20640  - [39m04/02/2026, 4:28:35 PM [32m    LOG[39m [38;5;3m[RouterExplorer] [39m[32mMapped {/api/v1/properties/:id, GET} route[39m[38;5;3m +4ms[39m
[32m[Nest] 20640  - [39m04/02/2026, 4:28:35 PM [32m    LOG[39m [38;5;3m[RouterExplorer] [39m[32mMapped {/api/v1/properties/:id, PATCH} route[39m[38;5;3m +2ms[39m
[32m[Nest] 20640  - [39m04/02/2026, 4:28:35 PM [32m    LOG[39m [38;5;3m[RouterExplorer] [39m[32mMapped {/api/v1/properties/:id, DELETE} route[39m[38;5;3m +1ms[39m
[32m[Nest] 20640  - [39m04/02/2026, 4:28:35 PM [32m    LOG[39m [38;5;3m[RoutesResolver] [39m[32mPaymentsController {/api/v1/payments}:[39m[38;5;3m +1ms[39m
[32m[Nest] 20640  - [39m04/02/2026, 4:28:35 PM [32m    LOG[39m [38;5;3m[RouterExplorer] [39m[32mMapped {/api/v1/payments, POST} route[39m[38;5;3m +2ms[39m
[32m[Nest] 20640  - [39m04/02/2026, 4:28:35 PM [32m    LOG[39m [38;5;3m[RouterExplorer] [39m[32mMapped {/api/v1/payments, GET} route[39m[38;5;3m +2ms[39m
[32m[Nest] 20640  - [39m04/02/2026, 4:28:35 PM [32m    LOG[39m [38;5;3m[RouterExplorer] [39m[32mMapped {/api/v1/payments/:id, GET} route[39m[38;5;3m +1ms[39m
[32m[Nest] 20640  - [39m04/02/2026, 4:28:35 PM [32m    LOG[39m [38;5;3m[RouterExplorer] [39m[32mMapped {/api/v1/payments/:id, PATCH} route[39m[38;5;3m +1ms[39m
[32m[Nest] 20640  - [39m04/02/2026, 4:28:35 PM [32m    LOG[39m [38;5;3m[RouterExplorer] [39m[32mMapped {/api/v1/payments/:id, DELETE} route[39m[38;5;3m +1ms[39m
[32m[Nest] 20640  - [39m04/02/2026, 4:28:35 PM [32m    LOG[39m [38;5;3m[RoutesResolver] [39m[32mReportsController {/api/v1/reports}:[39m[38;5;3m +0ms[39m
[32m[Nest] 20640  - [39m04/02/2026, 4:28:35 PM [32m    LOG[39m [38;5;3m[RouterExplorer] [39m[32mMapped {/api/v1/reports, POST} route[39m[38;5;3m +1ms[39m
[32m[Nest] 20640  - [39m04/02/2026, 4:28:35 PM [32m    LOG[39m [38;5;3m[RouterExplorer] [39m[32mMapped {/api/v1/reports, GET} route[39m[38;5;3m +1ms[39m
[32m[Nest] 20640  - [39m04/02/2026, 4:28:35 PM [32m    LOG[39m [38;5;3m[RouterExplorer] [39m[32mMapped {/api/v1/reports/:id, GET} route[39m[38;5;3m +1ms[39m
[32m[Nest] 20640  - [39m04/02/2026, 4:28:35 PM [32m    LOG[39m [38;5;3m[RouterExplorer] [39m[32mMapped {/api/v1/reports/:id, PATCH} route[39m[38;5;3m +1ms[39m
[32m[Nest] 20640  - [39m04/02/2026, 4:28:35 PM [32m    LOG[39m [38;5;3m[RouterExplorer] [39m[32mMapped {/api/v1/reports/:id, DELETE} route[39m[38;5;3m +1ms[39m
prisma:info Starting a postgresql pool with 9 connections.
[32m[Nest] 20640  - [39m04/02/2026, 4:28:37 PM [32m    LOG[39m [38;5;3m[NestApplication] [39m[32mNest application successfully started[39m[38;5;3m +1501ms[39m
[2J[3J[H[[90m4:29:05 PM[0m] File change detected. Starting incremental compilation...

[[90m4:29:05 PM[0m] Found 0 errors. Watching for file changes.

[32m[Nest] 15072  - [39m04/02/2026, 4:29:08 PM [32m    LOG[39m [38;5;3m[NestFactory] [39m[32mStarting Nest application...[39m
[32m[Nest] 15072  - [39m04/02/2026, 4:29:08 PM [32m    LOG[39m [38;5;3m[InstanceLoader] [39m[32mPrismaModule dependencies initialized[39m[38;5;3m +41ms[39m
[32m[Nest] 15072  - [39m04/02/2026, 4:29:08 PM [32m    LOG[39m [38;5;3m[InstanceLoader] [39m[32mPassportModule dependencies initialized[39m[38;5;3m +0ms[39m
[32m[Nest] 15072  - [39m04/02/2026, 4:29:08 PM [32m    LOG[39m [38;5;3m[InstanceLoader] [39m[32mConfigHostModule dependencies initialized[39m[38;5;3m +9ms[39m
[32m[Nest] 15072  - [39m04/02/2026, 4:29:08 PM [32m    LOG[39m [38;5;3m[InstanceLoader] [39m[32mJwtModule dependencies initialized[39m[38;5;3m +0ms[39m
[32m[Nest] 15072  - [39m04/02/2026, 4:29:08 PM [32m    LOG[39m [38;5;3m[InstanceLoader] [39m[32mAppModule dependencies initialized[39m[38;5;3m +0ms[39m
[32m[Nest] 15072  - [39m04/02/2026, 4:29:08 PM [32m    LOG[39m [38;5;3m[InstanceLoader] [39m[32mPropertiesModule dependencies initialized[39m[38;5;3m +1ms[39m
[32m[Nest] 15072  - [39m04/02/2026, 4:29:08 PM [32m    LOG[39m [38;5;3m[InstanceLoader] [39m[32mPaymentsModule dependencies initialized[39m[38;5;3m +0ms[39m
[32m[Nest] 15072  - [39m04/02/2026, 4:29:08 PM [32m    LOG[39m [38;5;3m[InstanceLoader] [39m[32mReportsModule dependencies initialized[39m[38;5;3m +0ms[39m
[32m[Nest] 15072  - [39m04/02/2026, 4:29:08 PM [32m    LOG[39m [38;5;3m[InstanceLoader] [39m[32mInvoicesModule dependencies initialized[39m[38;5;3m +0ms[39m
[32m[Nest] 15072  - [39m04/02/2026, 4:29:08 PM [32m    LOG[39m [38;5;3m[InstanceLoader] [39m[32mConfigModule dependencies initialized[39m[38;5;3m +1ms[39m
[32m[Nest] 15072  - [39m04/02/2026, 4:29:08 PM [32m    LOG[39m [38;5;3m[InstanceLoader] [39m[32mAuthModule dependencies initialized[39m[38;5;3m +0ms[39m
[32m[Nest] 15072  - [39m04/02/2026, 4:29:08 PM [32m    LOG[39m [38;5;3m[RoutesResolver] [39m[32mAppController {/api/v1}:[39m[38;5;3m +8ms[39m
[32m[Nest] 15072  - [39m04/02/2026, 4:29:08 PM [32m    LOG[39m [38;5;3m[RouterExplorer] [39m[32mMapped {/api/v1, GET} route[39m[38;5;3m +7ms[39m
[32m[Nest] 15072  - [39m04/02/2026, 4:29:08 PM [32m    LOG[39m [38;5;3m[RoutesResolver] [39m[32mAuthController {/api/v1/auth}:[39m[38;5;3m +1ms[39m
[32m[Nest] 15072  - [39m04/02/2026, 4:29:08 PM [32m    LOG[39m [38;5;3m[RouterExplorer] [39m[32mMapped {/api/v1/auth/login, POST} route[39m[38;5;3m +1ms[39m
[32m[Nest] 15072  - [39m04/02/2026, 4:29:08 PM [32m    LOG[39m [38;5;3m[RouterExplorer] [39m[32mMapped {/api/v1/auth/refresh, POST} route[39m[38;5;3m +1ms[39m
[32m[Nest] 15072  - [39m04/02/2026, 4:29:08 PM [32m    LOG[39m [38;5;3m[RoutesResolver] [39m[32mPropertiesController {/api/v1/properties}:[39m[38;5;3m +0ms[39m
[32m[Nest] 15072  - [39m04/02/2026, 4:29:08 PM [32m    LOG[39m [38;5;3m[RouterExplorer] [39m[32mMapped {/api/v1/properties, POST} route[39m[38;5;3m +1ms[39m
[32m[Nest] 15072  - [39m04/02/2026, 4:29:08 PM [32m    LOG[39m [38;5;3m[RouterExplorer] [39m[32mMapped {/api/v1/properties, GET} route[39m[38;5;3m +0ms[39m
[32m[Nest] 15072  - [39m04/02/2026, 4:29:08 PM [32m    LOG[39m [38;5;3m[RouterExplorer] [39m[32mMapped {/api/v1/properties/:id, GET} route[39m[38;5;3m +1ms[39m
[32m[Nest] 15072  - [39m04/02/2026, 4:29:08 PM [32m    LOG[39m [38;5;3m[RouterExplorer] [39m[32mMapped {/api/v1/properties/:id, PATCH} route[39m[38;5;3m +1ms[39m
[32m[Nest] 15072  - [39m04/02/2026, 4:29:08 PM [32m    LOG[39m [38;5;3m[RouterExplorer] [39m[32mMapped {/api/v1/properties/:id, DELETE} route[39m[38;5;3m +1ms[39m
[32m[Nest] 15072  - [39m04/02/2026, 4:29:08 PM [32m    LOG[39m [38;5;3m[RoutesResolver] [39m[32mPaymentsController {/api/v1/payments}:[39m[38;5;3m +0ms[39m
[32m[Nest] 15072  - [39m04/02/2026, 4:29:08 PM [32m    LOG[39m [38;5;3m[RouterExplorer] [39m[32mMapped {/api/v1/payments, POST} route[39m[38;5;3m +2ms[39m
[32m[Nest] 15072  - [39m04/02/2026, 4:29:08 PM [32m    LOG[39m [38;5;3m[RouterExplorer] [39m[32mMapped {/api/v1/payments, GET} route[39m[38;5;3m +0ms[39m
[32m[Nest] 15072  - [39m04/02/2026, 4:29:08 PM [32m    LOG[39m [38;5;3m[RouterExplorer] [39m[32mMapped {/api/v1/payments/:id, GET} route[39m[38;5;3m +1ms[39m
[32m[Nest] 15072  - [39m04/02/2026, 4:29:08 PM [32m    LOG[39m [38;5;3m[RouterExplorer] [39m[32mMapped {/api/v1/payments/:id, PATCH} route[39m[38;5;3m +0ms[39m
[32m[Nest] 15072  - [39m04/02/2026, 4:29:08 PM [32m    LOG[39m [38;5;3m[RouterExplorer] [39m[32mMapped {/api/v1/payments/:id, DELETE} route[39m[38;5;3m +1ms[39m
[32m[Nest] 15072  - [39m04/02/2026, 4:29:08 PM [32m    LOG[39m [38;5;3m[RoutesResolver] [39m[32mReportsController {/api/v1/reports}:[39m[38;5;3m +0ms[39m
[32m[Nest] 15072  - [39m04/02/2026, 4:29:08 PM [32m    LOG[39m [38;5;3m[RouterExplorer] [39m[32mMapped {/api/v1/reports, POST} route[39m[38;5;3m +1ms[39m
[32m[Nest] 15072  - [39m04/02/2026, 4:29:08 PM [32m    LOG[39m [38;5;3m[RouterExplorer] [39m[32mMapped {/api/v1/reports, GET} route[39m[38;5;3m +1ms[39m
[32m[Nest] 15072  - [39m04/02/2026, 4:29:08 PM [32m    LOG[39m [38;5;3m[RouterExplorer] [39m[32mMapped {/api/v1/reports/:id, GET} route[39m[38;5;3m +0ms[39m
[32m[Nest] 15072  - [39m04/02/2026, 4:29:08 PM [32m    LOG[39m [38;5;3m[RouterExplorer] [39m[32mMapped {/api/v1/reports/:id, PATCH} route[39m[38;5;3m +1ms[39m
[32m[Nest] 15072  - [39m04/02/2026, 4:29:08 PM [32m    LOG[39m [38;5;3m[RouterExplorer] [39m[32mMapped {/api/v1/reports/:id, DELETE} route[39m[38;5;3m +0ms[39m
[32m[Nest] 15072  - [39m04/02/2026, 4:29:08 PM [32m    LOG[39m [38;5;3m[RoutesResolver] [39m[32mInvoicesController {/api/v1/invoices}:[39m[38;5;3m +1ms[39m
[32m[Nest] 15072  - [39m04/02/2026, 4:29:08 PM [32m    LOG[39m [38;5;3m[RouterExplorer] [39m[32mMapped {/api/v1/invoices, POST} route[39m[38;5;3m +0ms[39m
[32m[Nest] 15072  - [39m04/02/2026, 4:29:08 PM [32m    LOG[39m [38;5;3m[RouterExplorer] [39m[32mMapped {/api/v1/invoices, GET} route[39m[38;5;3m +1ms[39m
[32m[Nest] 15072  - [39m04/02/2026, 4:29:08 PM [32m    LOG[39m [38;5;3m[RouterExplorer] [39m[32mMapped {/api/v1/invoices/:id, GET} route[39m[38;5;3m +0ms[39m
[32m[Nest] 15072  - [39m04/02/2026, 4:29:08 PM [32m    LOG[39m [38;5;3m[RouterExplorer] [39m[32mMapped {/api/v1/invoices/:id, PATCH} route[39m[38;5;3m +1ms[39m
[32m[Nest] 15072  - [39m04/02/2026, 4:29:08 PM [32m    LOG[39m [38;5;3m[RouterExplorer] [39m[32mMapped {/api/v1/invoices/:id, DELETE} route[39m[38;5;3m +0ms[39m
prisma:info Starting a postgresql pool with 9 connections.
[32m[Nest] 15072  - [39m04/02/2026, 4:29:09 PM [32m    LOG[39m [38;5;3m[NestApplication] [39m[32mNest application successfully started[39m[38;5;3m +1556ms[39m
[2J[3J[H[[90m4:30:23 PM[0m] File change detected. Starting incremental compilation...

[96msrc/reports/reports.controller.ts[0m:[93m12[0m:[93m32[0m - [91merror[0m[90m TS2339: [0mProperty 'create' does not exist on type 'ReportsService'.

[7m12[0m     return this.reportsService.create(createReportDto);
[7m  [0m [91m                               ~~~~~~[0m

[96msrc/reports/reports.controller.ts[0m:[93m17[0m:[93m32[0m - [91merror[0m[90m TS2339: [0mProperty 'findAll' does not exist on type 'ReportsService'.

[7m17[0m     return this.reportsService.findAll();
[7m  [0m [91m                               ~~~~~~~[0m

[96msrc/reports/reports.controller.ts[0m:[93m22[0m:[93m32[0m - [91merror[0m[90m TS2339: [0mProperty 'findOne' does not exist on type 'ReportsService'.

[7m22[0m     return this.reportsService.findOne(+id);
[7m  [0m [91m                               ~~~~~~~[0m

[96msrc/reports/reports.controller.ts[0m:[93m27[0m:[93m32[0m - [91merror[0m[90m TS2339: [0mProperty 'update' does not exist on type 'ReportsService'.

[7m27[0m     return this.reportsService.update(+id, updateReportDto);
[7m  [0m [91m                               ~~~~~~[0m

[96msrc/reports/reports.controller.ts[0m:[93m32[0m:[93m32[0m - [91merror[0m[90m TS2339: [0mProperty 'remove' does not exist on type 'ReportsService'.

[7m32[0m     return this.reportsService.remove(+id);
[7m  [0m [91m                               ~~~~~~[0m

[[90m4:30:23 PM[0m] Found 5 errors. Watching for file changes.

[2J[3J[H[[90m4:31:34 PM[0m] File change detected. Starting incremental compilation...

[[90m4:31:35 PM[0m] Found 0 errors. Watching for file changes.

[32m[Nest] 5716  - [39m04/02/2026, 4:31:36 PM [32m    LOG[39m [38;5;3m[NestFactory] [39m[32mStarting Nest application...[39m
[32m[Nest] 5716  - [39m04/02/2026, 4:31:36 PM [32m    LOG[39m [38;5;3m[InstanceLoader] [39m[32mPrismaModule dependencies initialized[39m[38;5;3m +28ms[39m
[32m[Nest] 5716  - [39m04/02/2026, 4:31:36 PM [32m    LOG[39m [38;5;3m[InstanceLoader] [39m[32mPassportModule dependencies initialized[39m[38;5;3m +0ms[39m
[32m[Nest] 5716  - [39m04/02/2026, 4:31:36 PM [32m    LOG[39m [38;5;3m[InstanceLoader] [39m[32mConfigHostModule dependencies initialized[39m[38;5;3m +7ms[39m
[32m[Nest] 5716  - [39m04/02/2026, 4:31:36 PM [32m    LOG[39m [38;5;3m[InstanceLoader] [39m[32mJwtModule dependencies initialized[39m[38;5;3m +0ms[39m
[32m[Nest] 5716  - [39m04/02/2026, 4:31:36 PM [32m    LOG[39m [38;5;3m[InstanceLoader] [39m[32mAppModule dependencies initialized[39m[38;5;3m +1ms[39m
[32m[Nest] 5716  - [39m04/02/2026, 4:31:36 PM [32m    LOG[39m [38;5;3m[InstanceLoader] [39m[32mPropertiesModule dependencies initialized[39m[38;5;3m +1ms[39m
[32m[Nest] 5716  - [39m04/02/2026, 4:31:36 PM [32m    LOG[39m [38;5;3m[InstanceLoader] [39m[32mPaymentsModule dependencies initialized[39m[38;5;3m +0ms[39m
[32m[Nest] 5716  - [39m04/02/2026, 4:31:36 PM [32m    LOG[39m [38;5;3m[InstanceLoader] [39m[32mInvoicesModule dependencies initialized[39m[38;5;3m +0ms[39m
[32m[Nest] 5716  - [39m04/02/2026, 4:31:36 PM [32m    LOG[39m [38;5;3m[InstanceLoader] [39m[32mConfigModule dependencies initialized[39m[38;5;3m +1ms[39m
[32m[Nest] 5716  - [39m04/02/2026, 4:31:36 PM [32m    LOG[39m [38;5;3m[InstanceLoader] [39m[32mAuthModule dependencies initialized[39m[38;5;3m +0ms[39m
[32m[Nest] 5716  - [39m04/02/2026, 4:31:36 PM [32m    LOG[39m [38;5;3m[InstanceLoader] [39m[32mReportsModule dependencies initialized[39m[38;5;3m +1ms[39m
[32m[Nest] 5716  - [39m04/02/2026, 4:31:36 PM [32m    LOG[39m [38;5;3m[RoutesResolver] [39m[32mAppController {/api/v1}:[39m[38;5;3m +5ms[39m
[32m[Nest] 5716  - [39m04/02/2026, 4:31:36 PM [32m    LOG[39m [38;5;3m[RouterExplorer] [39m[32mMapped {/api/v1, GET} route[39m[38;5;3m +5ms[39m
[32m[Nest] 5716  - [39m04/02/2026, 4:31:36 PM [32m    LOG[39m [38;5;3m[RoutesResolver] [39m[32mAuthController {/api/v1/auth}:[39m[38;5;3m +1ms[39m
[32m[Nest] 5716  - [39m04/02/2026, 4:31:36 PM [32m    LOG[39m [38;5;3m[RouterExplorer] [39m[32mMapped {/api/v1/auth/login, POST} route[39m[38;5;3m +1ms[39m
[32m[Nest] 5716  - [39m04/02/2026, 4:31:36 PM [32m    LOG[39m [38;5;3m[RouterExplorer] [39m[32mMapped {/api/v1/auth/refresh, POST} route[39m[38;5;3m +0ms[39m
[32m[Nest] 5716  - [39m04/02/2026, 4:31:36 PM [32m    LOG[39m [38;5;3m[RoutesResolver] [39m[32mPropertiesController {/api/v1/properties}:[39m[38;5;3m +1ms[39m
[32m[Nest] 5716  - [39m04/02/2026, 4:31:36 PM [32m    LOG[39m [38;5;3m[RouterExplorer] [39m[32mMapped {/api/v1/properties, POST} route[39m[38;5;3m +0ms[39m
[32m[Nest] 5716  - [39m04/02/2026, 4:31:36 PM [32m    LOG[39m [38;5;3m[RouterExplorer] [39m[32mMapped {/api/v1/properties, GET} route[39m[38;5;3m +0ms[39m
[32m[Nest] 5716  - [39m04/02/2026, 4:31:36 PM [32m    LOG[39m [38;5;3m[RouterExplorer] [39m[32mMapped {/api/v1/properties/:id, GET} route[39m[38;5;3m +1ms[39m
[32m[Nest] 5716  - [39m04/02/2026, 4:31:36 PM [32m    LOG[39m [38;5;3m[RouterExplorer] [39m[32mMapped {/api/v1/properties/:id, PATCH} route[39m[38;5;3m +1ms[39m
[32m[Nest] 5716  - [39m04/02/2026, 4:31:36 PM [32m    LOG[39m [38;5;3m[RouterExplorer] [39m[32mMapped {/api/v1/properties/:id, DELETE} route[39m[38;5;3m +0ms[39m
[32m[Nest] 5716  - [39m04/02/2026, 4:31:36 PM [32m    LOG[39m [38;5;3m[RoutesResolver] [39m[32mPaymentsController {/api/v1/payments}:[39m[38;5;3m +0ms[39m
[32m[Nest] 5716  - [39m04/02/2026, 4:31:36 PM [32m    LOG[39m [38;5;3m[RouterExplorer] [39m[32mMapped {/api/v1/payments, POST} route[39m[38;5;3m +1ms[39m
[32m[Nest] 5716  - [39m04/02/2026, 4:31:36 PM [32m    LOG[39m [38;5;3m[RouterExplorer] [39m[32mMapped {/api/v1/payments, GET} route[39m[38;5;3m +0ms[39m
[32m[Nest] 5716  - [39m04/02/2026, 4:31:36 PM [32m    LOG[39m [38;5;3m[RouterExplorer] [39m[32mMapped {/api/v1/payments/:id, GET} route[39m[38;5;3m +1ms[39m
[32m[Nest] 5716  - [39m04/02/2026, 4:31:36 PM [32m    LOG[39m [38;5;3m[RouterExplorer] [39m[32mMapped {/api/v1/payments/:id, PATCH} route[39m[38;5;3m +0ms[39m
[32m[Nest] 5716  - [39m04/02/2026, 4:31:36 PM [32m    LOG[39m [38;5;3m[RouterExplorer] [39m[32mMapped {/api/v1/payments/:id, DELETE} route[39m[38;5;3m +0ms[39m
[32m[Nest] 5716  - [39m04/02/2026, 4:31:36 PM [32m    LOG[39m [38;5;3m[RoutesResolver] [39m[32mReportsController {/api/v1/reports}:[39m[38;5;3m +0ms[39m
[32m[Nest] 5716  - [39m04/02/2026, 4:31:36 PM [32m    LOG[39m [38;5;3m[RouterExplorer] [39m[32mMapped {/api/v1/reports/summary, GET} route[39m[38;5;3m +1ms[39m
[32m[Nest] 5716  - [39m04/02/2026, 4:31:36 PM [32m    LOG[39m [38;5;3m[RoutesResolver] [39m[32mInvoicesController {/api/v1/invoices}:[39m[38;5;3m +0ms[39m
[32m[Nest] 5716  - [39m04/02/2026, 4:31:36 PM [32m    LOG[39m [38;5;3m[RouterExplorer] [39m[32mMapped {/api/v1/invoices, POST} route[39m[38;5;3m +1ms[39m
[32m[Nest] 5716  - [39m04/02/2026, 4:31:36 PM [32m    LOG[39m [38;5;3m[RouterExplorer] [39m[32mMapped {/api/v1/invoices, GET} route[39m[38;5;3m +0ms[39m
[32m[Nest] 5716  - [39m04/02/2026, 4:31:36 PM [32m    LOG[39m [38;5;3m[RouterExplorer] [39m[32mMapped {/api/v1/invoices/:id, GET} route[39m[38;5;3m +0ms[39m
[32m[Nest] 5716  - [39m04/02/2026, 4:31:36 PM [32m    LOG[39m [38;5;3m[RouterExplorer] [39m[32mMapped {/api/v1/invoices/:id, PATCH} route[39m[38;5;3m +0ms[39m
[32m[Nest] 5716  - [39m04/02/2026, 4:31:36 PM [32m    LOG[39m [38;5;3m[RouterExplorer] [39m[32mMapped {/api/v1/invoices/:id, DELETE} route[39m[38;5;3m +0ms[39m
prisma:info Starting a postgresql pool with 9 connections.
[32m[Nest] 5716  - [39m04/02/2026, 4:31:38 PM [32m    LOG[39m [38;5;3m[NestApplication] [39m[32mNest application successfully started[39m[38;5;3m +1498ms[39m
[2J[3J[H[[90m4:32:38 PM[0m] File change detected. Starting incremental compilation...

[96msrc/properties/properties.controller.ts[0m:[93m12[0m:[93m35[0m - [91merror[0m[90m TS2339: [0mProperty 'create' does not exist on type 'PropertiesService'.

[7m12[0m     return this.propertiesService.create(createPropertyDto);
[7m  [0m [91m                                  ~~~~~~[0m

[96msrc/properties/properties.controller.ts[0m:[93m22[0m:[93m35[0m - [91merror[0m[90m TS2339: [0mProperty 'findOne' does not exist on type 'PropertiesService'.

[7m22[0m     return this.propertiesService.findOne(+id);
[7m  [0m [91m                                  ~~~~~~~[0m

[96msrc/properties/properties.controller.ts[0m:[93m27[0m:[93m35[0m - [91merror[0m[90m TS2339: [0mProperty 'update' does not exist on type 'PropertiesService'.

[7m27[0m     return this.propertiesService.update(+id, updatePropertyDto);
[7m  [0m [91m                                  ~~~~~~[0m

[96msrc/properties/properties.controller.ts[0m:[93m32[0m:[93m35[0m - [91merror[0m[90m TS2339: [0mProperty 'remove' does not exist on type 'PropertiesService'.

[7m32[0m     return this.propertiesService.remove(+id);
[7m  [0m [91m                                  ~~~~~~[0m

[[90m4:32:38 PM[0m] Found 4 errors. Watching for file changes.

[2J[3J[H[[90m4:33:56 PM[0m] File change detected. Starting incremental compilation...

[[90m4:33:57 PM[0m] Found 0 errors. Watching for file changes.

[32m[Nest] 7160  - [39m04/02/2026, 4:33:58 PM [32m    LOG[39m [38;5;3m[NestFactory] [39m[32mStarting Nest application...[39m
[32m[Nest] 7160  - [39m04/02/2026, 4:33:58 PM [32m    LOG[39m [38;5;3m[InstanceLoader] [39m[32mPrismaModule dependencies initialized[39m[38;5;3m +32ms[39m
[32m[Nest] 7160  - [39m04/02/2026, 4:33:58 PM [32m    LOG[39m [38;5;3m[InstanceLoader] [39m[32mPassportModule dependencies initialized[39m[38;5;3m +0ms[39m
[32m[Nest] 7160  - [39m04/02/2026, 4:33:58 PM [32m    LOG[39m [38;5;3m[InstanceLoader] [39m[32mConfigHostModule dependencies initialized[39m[38;5;3m +5ms[39m
[32m[Nest] 7160  - [39m04/02/2026, 4:33:58 PM [32m    LOG[39m [38;5;3m[InstanceLoader] [39m[32mJwtModule dependencies initialized[39m[38;5;3m +0ms[39m
[32m[Nest] 7160  - [39m04/02/2026, 4:33:58 PM [32m    LOG[39m [38;5;3m[InstanceLoader] [39m[32mAppModule dependencies initialized[39m[38;5;3m +2ms[39m
[32m[Nest] 7160  - [39m04/02/2026, 4:33:58 PM [32m    LOG[39m [38;5;3m[InstanceLoader] [39m[32mPaymentsModule dependencies initialized[39m[38;5;3m +1ms[39m
[32m[Nest] 7160  - [39m04/02/2026, 4:33:58 PM [32m    LOG[39m [38;5;3m[InstanceLoader] [39m[32mInvoicesModule dependencies initialized[39m[38;5;3m +1ms[39m
[32m[Nest] 7160  - [39m04/02/2026, 4:33:58 PM [32m    LOG[39m [38;5;3m[InstanceLoader] [39m[32mConfigModule dependencies initialized[39m[38;5;3m +0ms[39m
[32m[Nest] 7160  - [39m04/02/2026, 4:33:58 PM [32m    LOG[39m [38;5;3m[InstanceLoader] [39m[32mAuthModule dependencies initialized[39m[38;5;3m +1ms[39m
[32m[Nest] 7160  - [39m04/02/2026, 4:33:58 PM [32m    LOG[39m [38;5;3m[InstanceLoader] [39m[32mPropertiesModule dependencies initialized[39m[38;5;3m +0ms[39m
[32m[Nest] 7160  - [39m04/02/2026, 4:33:58 PM [32m    LOG[39m [38;5;3m[InstanceLoader] [39m[32mReportsModule dependencies initialized[39m[38;5;3m +0ms[39m
[32m[Nest] 7160  - [39m04/02/2026, 4:33:58 PM [32m    LOG[39m [38;5;3m[RoutesResolver] [39m[32mAppController {/api/v1}:[39m[38;5;3m +6ms[39m
[32m[Nest] 7160  - [39m04/02/2026, 4:33:58 PM [32m    LOG[39m [38;5;3m[RouterExplorer] [39m[32mMapped {/api/v1, GET} route[39m[38;5;3m +4ms[39m
[32m[Nest] 7160  - [39m04/02/2026, 4:33:58 PM [32m    LOG[39m [38;5;3m[RoutesResolver] [39m[32mAuthController {/api/v1/auth}:[39m[38;5;3m +0ms[39m
[32m[Nest] 7160  - [39m04/02/2026, 4:33:58 PM [32m    LOG[39m [38;5;3m[RouterExplorer] [39m[32mMapped {/api/v1/auth/login, POST} route[39m[38;5;3m +1ms[39m
[32m[Nest] 7160  - [39m04/02/2026, 4:33:58 PM [32m    LOG[39m [38;5;3m[RouterExplorer] [39m[32mMapped {/api/v1/auth/refresh, POST} route[39m[38;5;3m +1ms[39m
[32m[Nest] 7160  - [39m04/02/2026, 4:33:58 PM [32m    LOG[39m [38;5;3m[RoutesResolver] [39m[32mPropertiesController {/api/v1/properties}:[39m[38;5;3m +0ms[39m
[32m[Nest] 7160  - [39m04/02/2026, 4:33:58 PM [32m    LOG[39m [38;5;3m[RouterExplorer] [39m[32mMapped {/api/v1/properties, GET} route[39m[38;5;3m +1ms[39m
[32m[Nest] 7160  - [39m04/02/2026, 4:33:58 PM [32m    LOG[39m [38;5;3m[RoutesResolver] [39m[32mPaymentsController {/api/v1/payments}:[39m[38;5;3m +1ms[39m
[32m[Nest] 7160  - [39m04/02/2026, 4:33:58 PM [32m    LOG[39m [38;5;3m[RouterExplorer] [39m[32mMapped {/api/v1/payments, POST} route[39m[38;5;3m +0ms[39m
[32m[Nest] 7160  - [39m04/02/2026, 4:33:58 PM [32m    LOG[39m [38;5;3m[RouterExplorer] [39m[32mMapped {/api/v1/payments, GET} route[39m[38;5;3m +1ms[39m
[32m[Nest] 7160  - [39m04/02/2026, 4:33:58 PM [32m    LOG[39m [38;5;3m[RouterExplorer] [39m[32mMapped {/api/v1/payments/:id, GET} route[39m[38;5;3m +1ms[39m
[32m[Nest] 7160  - [39m04/02/2026, 4:33:58 PM [32m    LOG[39m [38;5;3m[RouterExplorer] [39m[32mMapped {/api/v1/payments/:id, PATCH} route[39m[38;5;3m +0ms[39m
[32m[Nest] 7160  - [39m04/02/2026, 4:33:58 PM [32m    LOG[39m [38;5;3m[RouterExplorer] [39m[32mMapped {/api/v1/payments/:id, DELETE} route[39m[38;5;3m +1ms[39m
[32m[Nest] 7160  - [39m04/02/2026, 4:33:58 PM [32m    LOG[39m [38;5;3m[RoutesResolver] [39m[32mReportsController {/api/v1/reports}:[39m[38;5;3m +0ms[39m
[32m[Nest] 7160  - [39m04/02/2026, 4:33:58 PM [32m    LOG[39m [38;5;3m[RouterExplorer] [39m[32mMapped {/api/v1/reports/summary, GET} route[39m[38;5;3m +1ms[39m
[32m[Nest] 7160  - [39m04/02/2026, 4:33:58 PM [32m    LOG[39m [38;5;3m[RoutesResolver] [39m[32mInvoicesController {/api/v1/invoices}:[39m[38;5;3m +0ms[39m
[32m[Nest] 7160  - [39m04/02/2026, 4:33:58 PM [32m    LOG[39m [38;5;3m[RouterExplorer] [39m[32mMapped {/api/v1/invoices, POST} route[39m[38;5;3m +0ms[39m
[32m[Nest] 7160  - [39m04/02/2026, 4:33:58 PM [32m    LOG[39m [38;5;3m[RouterExplorer] [39m[32mMapped {/api/v1/invoices, GET} route[39m[38;5;3m +1ms[39m
[32m[Nest] 7160  - [39m04/02/2026, 4:33:58 PM [32m    LOG[39m [38;5;3m[RouterExplorer] [39m[32mMapped {/api/v1/invoices/:id, GET} route[39m[38;5;3m +0ms[39m
[32m[Nest] 7160  - [39m04/02/2026, 4:33:58 PM [32m    LOG[39m [38;5;3m[RouterExplorer] [39m[32mMapped {/api/v1/invoices/:id, PATCH} route[39m[38;5;3m +0ms[39m
[32m[Nest] 7160  - [39m04/02/2026, 4:33:58 PM [32m    LOG[39m [38;5;3m[RouterExplorer] [39m[32mMapped {/api/v1/invoices/:id, DELETE} route[39m[38;5;3m +0ms[39m
prisma:info Starting a postgresql pool with 9 connections.
[32m[Nest] 7160  - [39m04/02/2026, 4:33:59 PM [32m    LOG[39m [38;5;3m[NestApplication] [39m[32mNest application successfully started[39m[38;5;3m +1478ms[39m
[2J[3J[H[[90m4:35:26 PM[0m] File change detected. Starting incremental compilation...

[96msrc/payments/payments.controller.ts[0m:[93m12[0m:[93m33[0m - [91merror[0m[90m TS2339: [0mProperty 'create' does not exist on type 'PaymentsService'.

[7m12[0m     return this.paymentsService.create(createPaymentDto);
[7m  [0m [91m                                ~~~~~~[0m

[96msrc/payments/payments.controller.ts[0m:[93m17[0m:[93m33[0m - [91merror[0m[90m TS2339: [0mProperty 'findAll' does not exist on type 'PaymentsService'.

[7m17[0m     return this.paymentsService.findAll();
[7m  [0m [91m                                ~~~~~~~[0m

[96msrc/payments/payments.controller.ts[0m:[93m22[0m:[93m33[0m - [91merror[0m[90m TS2339: [0mProperty 'findOne' does not exist on type 'PaymentsService'.

[7m22[0m     return this.paymentsService.findOne(+id);
[7m  [0m [91m                                ~~~~~~~[0m

[96msrc/payments/payments.controller.ts[0m:[93m27[0m:[93m33[0m - [91merror[0m[90m TS2339: [0mProperty 'update' does not exist on type 'PaymentsService'.

[7m27[0m     return this.paymentsService.update(+id, updatePaymentDto);
[7m  [0m [91m                                ~~~~~~[0m

[96msrc/payments/payments.controller.ts[0m:[93m32[0m:[93m33[0m - [91merror[0m[90m TS2339: [0mProperty 'remove' does not exist on type 'PaymentsService'.

[7m32[0m     return this.paymentsService.remove(+id);
[7m  [0m [91m                                ~~~~~~[0m

[[90m4:35:26 PM[0m] Found 5 errors. Watching for file changes.

[2J[3J[H[[90m4:36:25 PM[0m] File change detected. Starting incremental compilation...

[[90m4:36:26 PM[0m] Found 0 errors. Watching for file changes.

[32m[Nest] 20732  - [39m04/02/2026, 4:36:27 PM [32m    LOG[39m [38;5;3m[NestFactory] [39m[32mStarting Nest application...[39m
[32m[Nest] 20732  - [39m04/02/2026, 4:36:27 PM [32m    LOG[39m [38;5;3m[InstanceLoader] [39m[32mPrismaModule dependencies initialized[39m[38;5;3m +31ms[39m
[32m[Nest] 20732  - [39m04/02/2026, 4:36:27 PM [32m    LOG[39m [38;5;3m[InstanceLoader] [39m[32mPassportModule dependencies initialized[39m[38;5;3m +0ms[39m
[32m[Nest] 20732  - [39m04/02/2026, 4:36:27 PM [32m    LOG[39m [38;5;3m[InstanceLoader] [39m[32mConfigHostModule dependencies initialized[39m[38;5;3m +4ms[39m
[32m[Nest] 20732  - [39m04/02/2026, 4:36:27 PM [32m    LOG[39m [38;5;3m[InstanceLoader] [39m[32mJwtModule dependencies initialized[39m[38;5;3m +1ms[39m
[32m[Nest] 20732  - [39m04/02/2026, 4:36:27 PM [32m    LOG[39m [38;5;3m[InstanceLoader] [39m[32mAppModule dependencies initialized[39m[38;5;3m +0ms[39m
[32m[Nest] 20732  - [39m04/02/2026, 4:36:27 PM [32m    LOG[39m [38;5;3m[InstanceLoader] [39m[32mInvoicesModule dependencies initialized[39m[38;5;3m +1ms[39m
[32m[Nest] 20732  - [39m04/02/2026, 4:36:27 PM [32m    LOG[39m [38;5;3m[InstanceLoader] [39m[32mConfigModule dependencies initialized[39m[38;5;3m +0ms[39m
[32m[Nest] 20732  - [39m04/02/2026, 4:36:27 PM [32m    LOG[39m [38;5;3m[InstanceLoader] [39m[32mAuthModule dependencies initialized[39m[38;5;3m +1ms[39m
[32m[Nest] 20732  - [39m04/02/2026, 4:36:27 PM [32m    LOG[39m [38;5;3m[InstanceLoader] [39m[32mPropertiesModule dependencies initialized[39m[38;5;3m +0ms[39m
[32m[Nest] 20732  - [39m04/02/2026, 4:36:27 PM [32m    LOG[39m [38;5;3m[InstanceLoader] [39m[32mPaymentsModule dependencies initialized[39m[38;5;3m +0ms[39m
[32m[Nest] 20732  - [39m04/02/2026, 4:36:27 PM [32m    LOG[39m [38;5;3m[InstanceLoader] [39m[32mReportsModule dependencies initialized[39m[38;5;3m +0ms[39m
[32m[Nest] 20732  - [39m04/02/2026, 4:36:27 PM [32m    LOG[39m [38;5;3m[RoutesResolver] [39m[32mAppController {/api/v1}:[39m[38;5;3m +7ms[39m
[32m[Nest] 20732  - [39m04/02/2026, 4:36:27 PM [32m    LOG[39m [38;5;3m[RouterExplorer] [39m[32mMapped {/api/v1, GET} route[39m[38;5;3m +3ms[39m
[32m[Nest] 20732  - [39m04/02/2026, 4:36:27 PM [32m    LOG[39m [38;5;3m[RoutesResolver] [39m[32mAuthController {/api/v1/auth}:[39m[38;5;3m +0ms[39m
[32m[Nest] 20732  - [39m04/02/2026, 4:36:27 PM [32m    LOG[39m [38;5;3m[RouterExplorer] [39m[32mMapped {/api/v1/auth/login, POST} route[39m[38;5;3m +1ms[39m
[32m[Nest] 20732  - [39m04/02/2026, 4:36:27 PM [32m    LOG[39m [38;5;3m[RouterExplorer] [39m[32mMapped {/api/v1/auth/refresh, POST} route[39m[38;5;3m +0ms[39m
[32m[Nest] 20732  - [39m04/02/2026, 4:36:27 PM [32m    LOG[39m [38;5;3m[RoutesResolver] [39m[32mPropertiesController {/api/v1/properties}:[39m[38;5;3m +0ms[39m
[32m[Nest] 20732  - [39m04/02/2026, 4:36:27 PM [32m    LOG[39m [38;5;3m[RouterExplorer] [39m[32mMapped {/api/v1/properties, GET} route[39m[38;5;3m +1ms[39m
[32m[Nest] 20732  - [39m04/02/2026, 4:36:27 PM [32m    LOG[39m [38;5;3m[RoutesResolver] [39m[32mPaymentsController {/api/v1/payments}:[39m[38;5;3m +0ms[39m
[32m[Nest] 20732  - [39m04/02/2026, 4:36:27 PM [32m    LOG[39m [38;5;3m[RouterExplorer] [39m[32mMapped {/api/v1/payments/pending, GET} route[39m[38;5;3m +0ms[39m
[32m[Nest] 20732  - [39m04/02/2026, 4:36:27 PM [32m    LOG[39m [38;5;3m[RouterExplorer] [39m[32mMapped {/api/v1/payments/:id/approve, PATCH} route[39m[38;5;3m +1ms[39m
[32m[Nest] 20732  - [39m04/02/2026, 4:36:27 PM [32m    LOG[39m [38;5;3m[RouterExplorer] [39m[32mMapped {/api/v1/payments/:id/reject, PATCH} route[39m[38;5;3m +0ms[39m
[32m[Nest] 20732  - [39m04/02/2026, 4:36:27 PM [32m    LOG[39m [38;5;3m[RoutesResolver] [39m[32mReportsController {/api/v1/reports}:[39m[38;5;3m +1ms[39m
[32m[Nest] 20732  - [39m04/02/2026, 4:36:27 PM [32m    LOG[39m [38;5;3m[RouterExplorer] [39m[32mMapped {/api/v1/reports/summary, GET} route[39m[38;5;3m +0ms[39m
[32m[Nest] 20732  - [39m04/02/2026, 4:36:27 PM [32m    LOG[39m [38;5;3m[RoutesResolver] [39m[32mInvoicesController {/api/v1/invoices}:[39m[38;5;3m +0ms[39m
[32m[Nest] 20732  - [39m04/02/2026, 4:36:27 PM [32m    LOG[39m [38;5;3m[RouterExplorer] [39m[32mMapped {/api/v1/invoices, POST} route[39m[38;5;3m +1ms[39m
[32m[Nest] 20732  - [39m04/02/2026, 4:36:27 PM [32m    LOG[39m [38;5;3m[RouterExplorer] [39m[32mMapped {/api/v1/invoices, GET} route[39m[38;5;3m +0ms[39m
[32m[Nest] 20732  - [39m04/02/2026, 4:36:27 PM [32m    LOG[39m [38;5;3m[RouterExplorer] [39m[32mMapped {/api/v1/invoices/:id, GET} route[39m[38;5;3m +0ms[39m
[32m[Nest] 20732  - [39m04/02/2026, 4:36:27 PM [32m    LOG[39m [38;5;3m[RouterExplorer] [39m[32mMapped {/api/v1/invoices/:id, PATCH} route[39m[38;5;3m +0ms[39m
[32m[Nest] 20732  - [39m04/02/2026, 4:36:27 PM [32m    LOG[39m [38;5;3m[RouterExplorer] [39m[32mMapped {/api/v1/invoices/:id, DELETE} route[39m[38;5;3m +1ms[39m
prisma:info Starting a postgresql pool with 9 connections.
[32m[Nest] 20732  - [39m04/02/2026, 4:36:29 PM [32m    LOG[39m [38;5;3m[NestApplication] [39m[32mNest application successfully started[39m[38;5;3m +1441ms[39m
[2J[3J[H[[90m4:37:31 PM[0m] File change detected. Starting incremental compilation...

[96msrc/invoices/invoices.controller.ts[0m:[93m12[0m:[93m33[0m - [91merror[0m[90m TS2339: [0mProperty 'create' does not exist on type 'InvoicesService'.

[7m12[0m     return this.invoicesService.create(createInvoiceDto);
[7m  [0m [91m                                ~~~~~~[0m

[96msrc/invoices/invoices.controller.ts[0m:[93m17[0m:[93m33[0m - [91merror[0m[90m TS2339: [0mProperty 'findAll' does not exist on type 'InvoicesService'.

[7m17[0m     return this.invoicesService.findAll();
[7m  [0m [91m                                ~~~~~~~[0m

[96msrc/invoices/invoices.controller.ts[0m:[93m22[0m:[93m41[0m - [91merror[0m[90m TS2345: [0mArgument of type 'number' is not assignable to parameter of type 'string'.

[7m22[0m     return this.invoicesService.findOne(+id);
[7m  [0m [91m                                        ~~~[0m

[96msrc/invoices/invoices.controller.ts[0m:[93m27[0m:[93m33[0m - [91merror[0m[90m TS2339: [0mProperty 'update' does not exist on type 'InvoicesService'.

[7m27[0m     return this.invoicesService.update(+id, updateInvoiceDto);
[7m  [0m [91m                                ~~~~~~[0m

[96msrc/invoices/invoices.controller.ts[0m:[93m32[0m:[93m33[0m - [91merror[0m[90m TS2339: [0mProperty 'remove' does not exist on type 'InvoicesService'.

[7m32[0m     return this.invoicesService.remove(+id);
[7m  [0m [91m                                ~~~~~~[0m

[[90m4:37:31 PM[0m] Found 5 errors. Watching for file changes.

[2J[3J[H[[90m4:38:35 PM[0m] File change detected. Starting incremental compilation...

[[90m4:38:35 PM[0m] Found 0 errors. Watching for file changes.

[32m[Nest] 17900  - [39m04/02/2026, 4:38:36 PM [32m    LOG[39m [38;5;3m[NestFactory] [39m[32mStarting Nest application...[39m
[32m[Nest] 17900  - [39m04/02/2026, 4:38:36 PM [32m    LOG[39m [38;5;3m[InstanceLoader] [39m[32mPrismaModule dependencies initialized[39m[38;5;3m +23ms[39m
[32m[Nest] 17900  - [39m04/02/2026, 4:38:36 PM [32m    LOG[39m [38;5;3m[InstanceLoader] [39m[32mPassportModule dependencies initialized[39m[38;5;3m +0ms[39m
[32m[Nest] 17900  - [39m04/02/2026, 4:38:36 PM [32m    LOG[39m [38;5;3m[InstanceLoader] [39m[32mConfigHostModule dependencies initialized[39m[38;5;3m +5ms[39m
[32m[Nest] 17900  - [39m04/02/2026, 4:38:36 PM [32m    LOG[39m [38;5;3m[InstanceLoader] [39m[32mJwtModule dependencies initialized[39m[38;5;3m +0ms[39m
[32m[Nest] 17900  - [39m04/02/2026, 4:38:36 PM [32m    LOG[39m [38;5;3m[InstanceLoader] [39m[32mAppModule dependencies initialized[39m[38;5;3m +1ms[39m
[32m[Nest] 17900  - [39m04/02/2026, 4:38:36 PM [32m    LOG[39m [38;5;3m[InstanceLoader] [39m[32mConfigModule dependencies initialized[39m[38;5;3m +0ms[39m
[32m[Nest] 17900  - [39m04/02/2026, 4:38:36 PM [32m    LOG[39m [38;5;3m[InstanceLoader] [39m[32mAuthModule dependencies initialized[39m[38;5;3m +1ms[39m
[32m[Nest] 17900  - [39m04/02/2026, 4:38:36 PM [32m    LOG[39m [38;5;3m[InstanceLoader] [39m[32mPropertiesModule dependencies initialized[39m[38;5;3m +1ms[39m
[32m[Nest] 17900  - [39m04/02/2026, 4:38:36 PM [32m    LOG[39m [38;5;3m[InstanceLoader] [39m[32mPaymentsModule dependencies initialized[39m[38;5;3m +0ms[39m
[32m[Nest] 17900  - [39m04/02/2026, 4:38:36 PM [32m    LOG[39m [38;5;3m[InstanceLoader] [39m[32mReportsModule dependencies initialized[39m[38;5;3m +0ms[39m
[32m[Nest] 17900  - [39m04/02/2026, 4:38:36 PM [32m    LOG[39m [38;5;3m[InstanceLoader] [39m[32mInvoicesModule dependencies initialized[39m[38;5;3m +0ms[39m
[32m[Nest] 17900  - [39m04/02/2026, 4:38:36 PM [32m    LOG[39m [38;5;3m[RoutesResolver] [39m[32mAppController {/api/v1}:[39m[38;5;3m +29ms[39m
[32m[Nest] 17900  - [39m04/02/2026, 4:38:36 PM [32m    LOG[39m [38;5;3m[RouterExplorer] [39m[32mMapped {/api/v1, GET} route[39m[38;5;3m +4ms[39m
[32m[Nest] 17900  - [39m04/02/2026, 4:38:36 PM [32m    LOG[39m [38;5;3m[RoutesResolver] [39m[32mAuthController {/api/v1/auth}:[39m[38;5;3m +0ms[39m
[32m[Nest] 17900  - [39m04/02/2026, 4:38:36 PM [32m    LOG[39m [38;5;3m[RouterExplorer] [39m[32mMapped {/api/v1/auth/login, POST} route[39m[38;5;3m +1ms[39m
[32m[Nest] 17900  - [39m04/02/2026, 4:38:36 PM [32m    LOG[39m [38;5;3m[RouterExplorer] [39m[32mMapped {/api/v1/auth/refresh, POST} route[39m[38;5;3m +0ms[39m
[32m[Nest] 17900  - [39m04/02/2026, 4:38:36 PM [32m    LOG[39m [38;5;3m[RoutesResolver] [39m[32mPropertiesController {/api/v1/properties}:[39m[38;5;3m +0ms[39m
[32m[Nest] 17900  - [39m04/02/2026, 4:38:36 PM [32m    LOG[39m [38;5;3m[RouterExplorer] [39m[32mMapped {/api/v1/properties, GET} route[39m[38;5;3m +1ms[39m
[32m[Nest] 17900  - [39m04/02/2026, 4:38:36 PM [32m    LOG[39m [38;5;3m[RoutesResolver] [39m[32mPaymentsController {/api/v1/payments}:[39m[38;5;3m +0ms[39m
[32m[Nest] 17900  - [39m04/02/2026, 4:38:36 PM [32m    LOG[39m [38;5;3m[RouterExplorer] [39m[32mMapped {/api/v1/payments/pending, GET} route[39m[38;5;3m +0ms[39m
[32m[Nest] 17900  - [39m04/02/2026, 4:38:36 PM [32m    LOG[39m [38;5;3m[RouterExplorer] [39m[32mMapped {/api/v1/payments/:id/approve, PATCH} route[39m[38;5;3m +1ms[39m
[32m[Nest] 17900  - [39m04/02/2026, 4:38:36 PM [32m    LOG[39m [38;5;3m[RouterExplorer] [39m[32mMapped {/api/v1/payments/:id/reject, PATCH} route[39m[38;5;3m +0ms[39m
[32m[Nest] 17900  - [39m04/02/2026, 4:38:36 PM [32m    LOG[39m [38;5;3m[RoutesResolver] [39m[32mReportsController {/api/v1/reports}:[39m[38;5;3m +0ms[39m
[32m[Nest] 17900  - [39m04/02/2026, 4:38:36 PM [32m    LOG[39m [38;5;3m[RouterExplorer] [39m[32mMapped {/api/v1/reports/summary, GET} route[39m[38;5;3m +1ms[39m
[32m[Nest] 17900  - [39m04/02/2026, 4:38:36 PM [32m    LOG[39m [38;5;3m[RoutesResolver] [39m[32mInvoicesController {/api/v1/invoices}:[39m[38;5;3m +0ms[39m
[32m[Nest] 17900  - [39m04/02/2026, 4:38:36 PM [32m    LOG[39m [38;5;3m[RouterExplorer] [39m[32mMapped {/api/v1/invoices, GET} route[39m[38;5;3m +0ms[39m
[32m[Nest] 17900  - [39m04/02/2026, 4:38:36 PM [32m    LOG[39m [38;5;3m[RouterExplorer] [39m[32mMapped {/api/v1/invoices/:id, GET} route[39m[38;5;3m +1ms[39m
prisma:info Starting a postgresql pool with 9 connections.
[32m[Nest] 17900  - [39m04/02/2026, 4:38:38 PM [32m    LOG[39m [38;5;3m[NestApplication] [39m[32mNest application successfully started[39m[38;5;3m +1365ms[39m
[2J[3J[H[[90m4:39:26 PM[0m] File change detected. Starting incremental compilation...

[[90m4:39:26 PM[0m] Found 0 errors. Watching for file changes.

[32m[Nest] 21624  - [39m04/02/2026, 4:39:27 PM [32m    LOG[39m [38;5;3m[NestFactory] [39m[32mStarting Nest application...[39m
[32m[Nest] 21624  - [39m04/02/2026, 4:39:27 PM [32m    LOG[39m [38;5;3m[InstanceLoader] [39m[32mPrismaModule dependencies initialized[39m[38;5;3m +25ms[39m
[32m[Nest] 21624  - [39m04/02/2026, 4:39:27 PM [32m    LOG[39m [38;5;3m[InstanceLoader] [39m[32mPassportModule dependencies initialized[39m[38;5;3m +0ms[39m
[32m[Nest] 21624  - [39m04/02/2026, 4:39:27 PM [32m    LOG[39m [38;5;3m[InstanceLoader] [39m[32mConfigHostModule dependencies initialized[39m[38;5;3m +5ms[39m
[32m[Nest] 21624  - [39m04/02/2026, 4:39:27 PM [32m    LOG[39m [38;5;3m[InstanceLoader] [39m[32mJwtModule dependencies initialized[39m[38;5;3m +0ms[39m
[32m[Nest] 21624  - [39m04/02/2026, 4:39:27 PM [32m    LOG[39m [38;5;3m[InstanceLoader] [39m[32mAppModule dependencies initialized[39m[38;5;3m +1ms[39m
[32m[Nest] 21624  - [39m04/02/2026, 4:39:27 PM [32m    LOG[39m [38;5;3m[InstanceLoader] [39m[32mConfigModule dependencies initialized[39m[38;5;3m +0ms[39m
[32m[Nest] 21624  - [39m04/02/2026, 4:39:27 PM [32m    LOG[39m [38;5;3m[InstanceLoader] [39m[32mAuthModule dependencies initialized[39m[38;5;3m +1ms[39m
[32m[Nest] 21624  - [39m04/02/2026, 4:39:27 PM [32m    LOG[39m [38;5;3m[InstanceLoader] [39m[32mPropertiesModule dependencies initialized[39m[38;5;3m +0ms[39m
[32m[Nest] 21624  - [39m04/02/2026, 4:39:27 PM [32m    LOG[39m [38;5;3m[InstanceLoader] [39m[32mPaymentsModule dependencies initialized[39m[38;5;3m +1ms[39m
[32m[Nest] 21624  - [39m04/02/2026, 4:39:27 PM [32m    LOG[39m [38;5;3m[InstanceLoader] [39m[32mReportsModule dependencies initialized[39m[38;5;3m +0ms[39m
[32m[Nest] 21624  - [39m04/02/2026, 4:39:27 PM [32m    LOG[39m [38;5;3m[InstanceLoader] [39m[32mInvoicesModule dependencies initialized[39m[38;5;3m +0ms[39m
[32m[Nest] 21624  - [39m04/02/2026, 4:39:27 PM [32m    LOG[39m [38;5;3m[RoutesResolver] [39m[32mAppController {/api/v1}:[39m[38;5;3m +29ms[39m
[32m[Nest] 21624  - [39m04/02/2026, 4:39:27 PM [32m    LOG[39m [38;5;3m[RouterExplorer] [39m[32mMapped {/api/v1, GET} route[39m[38;5;3m +3ms[39m
[32m[Nest] 21624  - [39m04/02/2026, 4:39:27 PM [32m    LOG[39m [38;5;3m[RoutesResolver] [39m[32mAuthController {/api/v1/auth}:[39m[38;5;3m +1ms[39m
[32m[Nest] 21624  - [39m04/02/2026, 4:39:27 PM [32m    LOG[39m [38;5;3m[RouterExplorer] [39m[32mMapped {/api/v1/auth/login, POST} route[39m[38;5;3m +0ms[39m
[32m[Nest] 21624  - [39m04/02/2026, 4:39:27 PM [32m    LOG[39m [38;5;3m[RouterExplorer] [39m[32mMapped {/api/v1/auth/refresh, POST} route[39m[38;5;3m +1ms[39m
[32m[Nest] 21624  - [39m04/02/2026, 4:39:27 PM [32m    LOG[39m [38;5;3m[RoutesResolver] [39m[32mPropertiesController {/api/v1/properties}:[39m[38;5;3m +0ms[39m
[32m[Nest] 21624  - [39m04/02/2026, 4:39:27 PM [32m    LOG[39m [38;5;3m[RouterExplorer] [39m[32mMapped {/api/v1/properties, GET} route[39m[38;5;3m +1ms[39m
[32m[Nest] 21624  - [39m04/02/2026, 4:39:27 PM [32m    LOG[39m [38;5;3m[RoutesResolver] [39m[32mPaymentsController {/api/v1/payments}:[39m[38;5;3m +0ms[39m
[32m[Nest] 21624  - [39m04/02/2026, 4:39:27 PM [32m    LOG[39m [38;5;3m[RouterExplorer] [39m[32mMapped {/api/v1/payments/pending, GET} route[39m[38;5;3m +0ms[39m
[32m[Nest] 21624  - [39m04/02/2026, 4:39:27 PM [32m    LOG[39m [38;5;3m[RouterExplorer] [39m[32mMapped {/api/v1/payments/:id/approve, PATCH} route[39m[38;5;3m +1ms[39m
[32m[Nest] 21624  - [39m04/02/2026, 4:39:27 PM [32m    LOG[39m [38;5;3m[RouterExplorer] [39m[32mMapped {/api/v1/payments/:id/reject, PATCH} route[39m[38;5;3m +0ms[39m
[32m[Nest] 21624  - [39m04/02/2026, 4:39:27 PM [32m    LOG[39m [38;5;3m[RoutesResolver] [39m[32mReportsController {/api/v1/reports}:[39m[38;5;3m +0ms[39m
[32m[Nest] 21624  - [39m04/02/2026, 4:39:27 PM [32m    LOG[39m [38;5;3m[RouterExplorer] [39m[32mMapped {/api/v1/reports/summary, GET} route[39m[38;5;3m +0ms[39m
[32m[Nest] 21624  - [39m04/02/2026, 4:39:27 PM [32m    LOG[39m [38;5;3m[RoutesResolver] [39m[32mInvoicesController {/api/v1/invoices}:[39m[38;5;3m +0ms[39m
[32m[Nest] 21624  - [39m04/02/2026, 4:39:27 PM [32m    LOG[39m [38;5;3m[RouterExplorer] [39m[32mMapped {/api/v1/invoices, GET} route[39m[38;5;3m +1ms[39m
[32m[Nest] 21624  - [39m04/02/2026, 4:39:27 PM [32m    LOG[39m [38;5;3m[RouterExplorer] [39m[32mMapped {/api/v1/invoices/:id, GET} route[39m[38;5;3m +0ms[39m
prisma:info Starting a postgresql pool with 9 connections.
[32m[Nest] 21624  - [39m04/02/2026, 4:39:29 PM [32m    LOG[39m [38;5;3m[NestApplication] [39m[32mNest application successfully started[39m[38;5;3m +1248ms[39m
[2J[3J[H[[90m4:39:38 PM[0m] File change detected. Starting incremental compilation...

[[90m4:39:38 PM[0m] Found 0 errors. Watching for file changes.

[32m[Nest] 16196  - [39m04/02/2026, 4:39:39 PM [32m    LOG[39m [38;5;3m[NestFactory] [39m[32mStarting Nest application...[39m
[32m[Nest] 16196  - [39m04/02/2026, 4:39:39 PM [32m    LOG[39m [38;5;3m[InstanceLoader] [39m[32mPrismaModule dependencies initialized[39m[38;5;3m +25ms[39m
[32m[Nest] 16196  - [39m04/02/2026, 4:39:39 PM [32m    LOG[39m [38;5;3m[InstanceLoader] [39m[32mPassportModule dependencies initialized[39m[38;5;3m +1ms[39m
[32m[Nest] 16196  - [39m04/02/2026, 4:39:39 PM [32m    LOG[39m [38;5;3m[InstanceLoader] [39m[32mConfigHostModule dependencies initialized[39m[38;5;3m +5ms[39m
[32m[Nest] 16196  - [39m04/02/2026, 4:39:39 PM [32m    LOG[39m [38;5;3m[InstanceLoader] [39m[32mJwtModule dependencies initialized[39m[38;5;3m +1ms[39m
[32m[Nest] 16196  - [39m04/02/2026, 4:39:39 PM [32m    LOG[39m [38;5;3m[InstanceLoader] [39m[32mAppModule dependencies initialized[39m[38;5;3m +1ms[39m
[32m[Nest] 16196  - [39m04/02/2026, 4:39:39 PM [32m    LOG[39m [38;5;3m[InstanceLoader] [39m[32mConfigModule dependencies initialized[39m[38;5;3m +1ms[39m
[32m[Nest] 16196  - [39m04/02/2026, 4:39:39 PM [32m    LOG[39m [38;5;3m[InstanceLoader] [39m[32mAuthModule dependencies initialized[39m[38;5;3m +1ms[39m
[32m[Nest] 16196  - [39m04/02/2026, 4:39:39 PM [32m    LOG[39m [38;5;3m[InstanceLoader] [39m[32mPropertiesModule dependencies initialized[39m[38;5;3m +0ms[39m
[32m[Nest] 16196  - [39m04/02/2026, 4:39:39 PM [32m    LOG[39m [38;5;3m[InstanceLoader] [39m[32mPaymentsModule dependencies initialized[39m[38;5;3m +1ms[39m
[32m[Nest] 16196  - [39m04/02/2026, 4:39:39 PM [32m    LOG[39m [38;5;3m[InstanceLoader] [39m[32mReportsModule dependencies initialized[39m[38;5;3m +0ms[39m
[32m[Nest] 16196  - [39m04/02/2026, 4:39:39 PM [32m    LOG[39m [38;5;3m[InstanceLoader] [39m[32mInvoicesModule dependencies initialized[39m[38;5;3m +0ms[39m
[32m[Nest] 16196  - [39m04/02/2026, 4:39:39 PM [32m    LOG[39m [38;5;3m[RoutesResolver] [39m[32mAppController {/api/v1}:[39m[38;5;3m +31ms[39m
[32m[Nest] 16196  - [39m04/02/2026, 4:39:39 PM [32m    LOG[39m [38;5;3m[RouterExplorer] [39m[32mMapped {/api/v1, GET} route[39m[38;5;3m +4ms[39m
[32m[Nest] 16196  - [39m04/02/2026, 4:39:39 PM [32m    LOG[39m [38;5;3m[RoutesResolver] [39m[32mAuthController {/api/v1/auth}:[39m[38;5;3m +0ms[39m
[32m[Nest] 16196  - [39m04/02/2026, 4:39:39 PM [32m    LOG[39m [38;5;3m[RouterExplorer] [39m[32mMapped {/api/v1/auth/login, POST} route[39m[38;5;3m +0ms[39m
[32m[Nest] 16196  - [39m04/02/2026, 4:39:39 PM [32m    LOG[39m [38;5;3m[RouterExplorer] [39m[32mMapped {/api/v1/auth/refresh, POST} route[39m[38;5;3m +1ms[39m
[32m[Nest] 16196  - [39m04/02/2026, 4:39:39 PM [32m    LOG[39m [38;5;3m[RoutesResolver] [39m[32mPropertiesController {/api/v1/properties}:[39m[38;5;3m +0ms[39m
[32m[Nest] 16196  - [39m04/02/2026, 4:39:39 PM [32m    LOG[39m [38;5;3m[RouterExplorer] [39m[32mMapped {/api/v1/properties, GET} route[39m[38;5;3m +0ms[39m
[32m[Nest] 16196  - [39m04/02/2026, 4:39:39 PM [32m    LOG[39m [38;5;3m[RoutesResolver] [39m[32mPaymentsController {/api/v1/payments}:[39m[38;5;3m +1ms[39m
[32m[Nest] 16196  - [39m04/02/2026, 4:39:39 PM [32m    LOG[39m [38;5;3m[RouterExplorer] [39m[32mMapped {/api/v1/payments, POST} route[39m[38;5;3m +0ms[39m
[32m[Nest] 16196  - [39m04/02/2026, 4:39:39 PM [32m    LOG[39m [38;5;3m[RouterExplorer] [39m[32mMapped {/api/v1/payments/pending, GET} route[39m[38;5;3m +0ms[39m
[32m[Nest] 16196  - [39m04/02/2026, 4:39:39 PM [32m    LOG[39m [38;5;3m[RouterExplorer] [39m[32mMapped {/api/v1/payments/:id/approve, PATCH} route[39m[38;5;3m +1ms[39m
[32m[Nest] 16196  - [39m04/02/2026, 4:39:39 PM [32m    LOG[39m [38;5;3m[RouterExplorer] [39m[32mMapped {/api/v1/payments/:id/reject, PATCH} route[39m[38;5;3m +0ms[39m
[32m[Nest] 16196  - [39m04/02/2026, 4:39:39 PM [32m    LOG[39m [38;5;3m[RoutesResolver] [39m[32mReportsController {/api/v1/reports}:[39m[38;5;3m +0ms[39m
[32m[Nest] 16196  - [39m04/02/2026, 4:39:39 PM [32m    LOG[39m [38;5;3m[RouterExplorer] [39m[32mMapped {/api/v1/reports/summary, GET} route[39m[38;5;3m +1ms[39m
[32m[Nest] 16196  - [39m04/02/2026, 4:39:39 PM [32m    LOG[39m [38;5;3m[RoutesResolver] [39m[32mInvoicesController {/api/v1/invoices}:[39m[38;5;3m +0ms[39m
[32m[Nest] 16196  - [39m04/02/2026, 4:39:39 PM [32m    LOG[39m [38;5;3m[RouterExplorer] [39m[32mMapped {/api/v1/invoices, GET} route[39m[38;5;3m +0ms[39m
[32m[Nest] 16196  - [39m04/02/2026, 4:39:39 PM [32m    LOG[39m [38;5;3m[RouterExplorer] [39m[32mMapped {/api/v1/invoices/:id, GET} route[39m[38;5;3m +1ms[39m
prisma:info Starting a postgresql pool with 9 connections.
[32m[Nest] 16196  - [39m04/02/2026, 4:39:41 PM [32m    LOG[39m [38;5;3m[NestApplication] [39m[32mNest application successfully started[39m[38;5;3m +1349ms[39m
[2J[3J[H[[90m4:41:24 PM[0m] File change detected. Starting incremental compilation...

[96msrc/payments/payments.controller.ts[0m:[93m21[0m:[93m33[0m - [91merror[0m[90m TS2339: [0mProperty 'getTenantPayments' does not exist on type 'PaymentsService'.

[7m21[0m     return this.paymentsService.getTenantPayments();
[7m  [0m [91m                                ~~~~~~~~~~~~~~~~~[0m

[[90m4:41:24 PM[0m] Found 1 error. Watching for file changes.

[2J[3J[H[[90m4:41:35 PM[0m] File change detected. Starting incremental compilation...

[[90m4:41:35 PM[0m] Found 0 errors. Watching for file changes.

[32m[Nest] 17368  - [39m04/02/2026, 4:41:36 PM [32m    LOG[39m [38;5;3m[NestFactory] [39m[32mStarting Nest application...[39m
[32m[Nest] 17368  - [39m04/02/2026, 4:41:36 PM [32m    LOG[39m [38;5;3m[InstanceLoader] [39m[32mPrismaModule dependencies initialized[39m[38;5;3m +22ms[39m
[32m[Nest] 17368  - [39m04/02/2026, 4:41:36 PM [32m    LOG[39m [38;5;3m[InstanceLoader] [39m[32mPassportModule dependencies initialized[39m[38;5;3m +0ms[39m
[32m[Nest] 17368  - [39m04/02/2026, 4:41:36 PM [32m    LOG[39m [38;5;3m[InstanceLoader] [39m[32mConfigHostModule dependencies initialized[39m[38;5;3m +4ms[39m
[32m[Nest] 17368  - [39m04/02/2026, 4:41:36 PM [32m    LOG[39m [38;5;3m[InstanceLoader] [39m[32mJwtModule dependencies initialized[39m[38;5;3m +0ms[39m
[32m[Nest] 17368  - [39m04/02/2026, 4:41:36 PM [32m    LOG[39m [38;5;3m[InstanceLoader] [39m[32mAppModule dependencies initialized[39m[38;5;3m +1ms[39m
[32m[Nest] 17368  - [39m04/02/2026, 4:41:36 PM [32m    LOG[39m [38;5;3m[InstanceLoader] [39m[32mConfigModule dependencies initialized[39m[38;5;3m +0ms[39m
[32m[Nest] 17368  - [39m04/02/2026, 4:41:36 PM [32m    LOG[39m [38;5;3m[InstanceLoader] [39m[32mAuthModule dependencies initialized[39m[38;5;3m +1ms[39m
[32m[Nest] 17368  - [39m04/02/2026, 4:41:36 PM [32m    LOG[39m [38;5;3m[InstanceLoader] [39m[32mPropertiesModule dependencies initialized[39m[38;5;3m +0ms[39m
[32m[Nest] 17368  - [39m04/02/2026, 4:41:36 PM [32m    LOG[39m [38;5;3m[InstanceLoader] [39m[32mPaymentsModule dependencies initialized[39m[38;5;3m +1ms[39m
[32m[Nest] 17368  - [39m04/02/2026, 4:41:36 PM [32m    LOG[39m [38;5;3m[InstanceLoader] [39m[32mReportsModule dependencies initialized[39m[38;5;3m +0ms[39m
[32m[Nest] 17368  - [39m04/02/2026, 4:41:36 PM [32m    LOG[39m [38;5;3m[InstanceLoader] [39m[32mInvoicesModule dependencies initialized[39m[38;5;3m +0ms[39m
[32m[Nest] 17368  - [39m04/02/2026, 4:41:36 PM [32m    LOG[39m [38;5;3m[RoutesResolver] [39m[32mAppController {/api/v1}:[39m[38;5;3m +26ms[39m
[32m[Nest] 17368  - [39m04/02/2026, 4:41:36 PM [32m    LOG[39m [38;5;3m[RouterExplorer] [39m[32mMapped {/api/v1, GET} route[39m[38;5;3m +4ms[39m
[32m[Nest] 17368  - [39m04/02/2026, 4:41:36 PM [32m    LOG[39m [38;5;3m[RoutesResolver] [39m[32mAuthController {/api/v1/auth}:[39m[38;5;3m +0ms[39m
[32m[Nest] 17368  - [39m04/02/2026, 4:41:36 PM [32m    LOG[39m [38;5;3m[RouterExplorer] [39m[32mMapped {/api/v1/auth/login, POST} route[39m[38;5;3m +1ms[39m
[32m[Nest] 17368  - [39m04/02/2026, 4:41:36 PM [32m    LOG[39m [38;5;3m[RouterExplorer] [39m[32mMapped {/api/v1/auth/refresh, POST} route[39m[38;5;3m +0ms[39m
[32m[Nest] 17368  - [39m04/02/2026, 4:41:36 PM [32m    LOG[39m [38;5;3m[RoutesResolver] [39m[32mPropertiesController {/api/v1/properties}:[39m[38;5;3m +0ms[39m
[32m[Nest] 17368  - [39m04/02/2026, 4:41:36 PM [32m    LOG[39m [38;5;3m[RouterExplorer] [39m[32mMapped {/api/v1/properties, GET} route[39m[38;5;3m +1ms[39m
[32m[Nest] 17368  - [39m04/02/2026, 4:41:36 PM [32m    LOG[39m [38;5;3m[RoutesResolver] [39m[32mPaymentsController {/api/v1/payments}:[39m[38;5;3m +0ms[39m
[32m[Nest] 17368  - [39m04/02/2026, 4:41:36 PM [32m    LOG[39m [38;5;3m[RouterExplorer] [39m[32mMapped {/api/v1/payments, POST} route[39m[38;5;3m +0ms[39m
[32m[Nest] 17368  - [39m04/02/2026, 4:41:36 PM [32m    LOG[39m [38;5;3m[RouterExplorer] [39m[32mMapped {/api/v1/payments/tenant, GET} route[39m[38;5;3m +0ms[39m
[32m[Nest] 17368  - [39m04/02/2026, 4:41:36 PM [32m    LOG[39m [38;5;3m[RouterExplorer] [39m[32mMapped {/api/v1/payments/pending, GET} route[39m[38;5;3m +1ms[39m
[32m[Nest] 17368  - [39m04/02/2026, 4:41:36 PM [32m    LOG[39m [38;5;3m[RouterExplorer] [39m[32mMapped {/api/v1/payments/:id/approve, PATCH} route[39m[38;5;3m +0ms[39m
[32m[Nest] 17368  - [39m04/02/2026, 4:41:36 PM [32m    LOG[39m [38;5;3m[RouterExplorer] [39m[32mMapped {/api/v1/payments/:id/reject, PATCH} route[39m[38;5;3m +1ms[39m
[32m[Nest] 17368  - [39m04/02/2026, 4:41:36 PM [32m    LOG[39m [38;5;3m[RoutesResolver] [39m[32mReportsController {/api/v1/reports}:[39m[38;5;3m +0ms[39m
[32m[Nest] 17368  - [39m04/02/2026, 4:41:36 PM [32m    LOG[39m [38;5;3m[RouterExplorer] [39m[32mMapped {/api/v1/reports/summary, GET} route[39m[38;5;3m +0ms[39m
[32m[Nest] 17368  - [39m04/02/2026, 4:41:36 PM [32m    LOG[39m [38;5;3m[RoutesResolver] [39m[32mInvoicesController {/api/v1/invoices}:[39m[38;5;3m +0ms[39m
[32m[Nest] 17368  - [39m04/02/2026, 4:41:36 PM [32m    LOG[39m [38;5;3m[RouterExplorer] [39m[32mMapped {/api/v1/invoices, GET} route[39m[38;5;3m +1ms[39m
[32m[Nest] 17368  - [39m04/02/2026, 4:41:36 PM [32m    LOG[39m [38;5;3m[RouterExplorer] [39m[32mMapped {/api/v1/invoices/:id, GET} route[39m[38;5;3m +0ms[39m
prisma:info Starting a postgresql pool with 9 connections.
[32m[Nest] 17368  - [39m04/02/2026, 4:41:38 PM [32m    LOG[39m [38;5;3m[NestApplication] [39m[32mNest application successfully started[39m[38;5;3m +1331ms[39m
[2J[3J[H[[90m5:05:30 PM[0m] File change detected. Starting incremental compilation...

[[90m5:05:30 PM[0m] Found 0 errors. Watching for file changes.

node:internal/modules/cjs/loader:1404
  throw err;
  ^

Error: Cannot find module 'C:\Users\USER\Desktop\BizRent (1)\bizrent-api\dist\main'
    at Function._resolveFilename (node:internal/modules/cjs/loader:1401:15)
    at defaultResolveImpl (node:internal/modules/cjs/loader:1057:19)
    at resolveForCJSWithHooks (node:internal/modules/cjs/loader:1062:22)
    at Function._load (node:internal/modules/cjs/loader:1211:37)
    at TracingChannel.traceSync (node:diagnostics_channel:322:14)
    at wrapModuleLoad (node:internal/modules/cjs/loader:235:24)
    at Function.executeUserEntryPoint [as runMain] (node:internal/modules/run_main:171:5)
    at node:internal/main/run_main_module:36:49 {
  code: 'MODULE_NOT_FOUND',
  requireStack: []
}

Node.js v22.17.1
[2J[3J[H[[90m5:05:34 PM[0m] File change detected. Starting incremental compilation...

[[90m5:05:38 PM[0m] Found 0 errors. Watching for file changes.

node:internal/modules/cjs/loader:1404
  throw err;
  ^

Error: Cannot find module 'C:\Users\USER\Desktop\BizRent (1)\bizrent-api\dist\main'
    at Function._resolveFilename (node:internal/modules/cjs/loader:1401:15)
    at defaultResolveImpl (node:internal/modules/cjs/loader:1057:19)
    at resolveForCJSWithHooks (node:internal/modules/cjs/loader:1062:22)
    at Function._load (node:internal/modules/cjs/loader:1211:37)
    at TracingChannel.traceSync (node:diagnostics_channel:322:14)
    at wrapModuleLoad (node:internal/modules/cjs/loader:235:24)
    at Function.executeUserEntryPoint [as runMain] (node:internal/modules/run_main:171:5)
    at node:internal/main/run_main_module:36:49 {
  code: 'MODULE_NOT_FOUND',
  requireStack: []
}

Node.js v22.17.1
[2J[3J[H[[90m5:05:39 PM[0m] File change detected. Starting incremental compilation...

[[90m5:05:41 PM[0m] Found 0 errors. Watching for file changes.

node:internal/modules/cjs/loader:1404
  throw err;
  ^

Error: Cannot find module 'C:\Users\USER\Desktop\BizRent (1)\bizrent-api\dist\main'
    at Function._resolveFilename (node:internal/modules/cjs/loader:1401:15)
    at defaultResolveImpl (node:internal/modules/cjs/loader:1057:19)
    at resolveForCJSWithHooks (node:internal/modules/cjs/loader:1062:22)
    at Function._load (node:internal/modules/cjs/loader:1211:37)
    at TracingChannel.traceSync (node:diagnostics_channel:322:14)
    at wrapModuleLoad (node:internal/modules/cjs/loader:235:24)
    at Function.executeUserEntryPoint [as runMain] (node:internal/modules/run_main:171:5)
    at node:internal/main/run_main_module:36:49 {
  code: 'MODULE_NOT_FOUND',
  requireStack: []
}

Node.js v22.17.1
[2J[3J[H[[90m5:15:13 PM[0m] File change detected. Starting incremental compilation...

[[90m5:15:15 PM[0m] Found 0 errors. Watching for file changes.

[2J[3J[H[[90m5:15:17 PM[0m] File change detected. Starting incremental compilation...

[[90m5:15:18 PM[0m] Found 0 errors. Watching for file changes.

[32m[Nest] 23808  - [39m04/02/2026, 5:15:20 PM [32m    LOG[39m [38;5;3m[NestFactory] [39m[32mStarting Nest application...[39m
[32m[Nest] 23808  - [39m04/02/2026, 5:15:20 PM [32m    LOG[39m [38;5;3m[InstanceLoader] [39m[32mPrismaModule dependencies initialized[39m[38;5;3m +56ms[39m
[32m[Nest] 23808  - [39m04/02/2026, 5:15:20 PM [32m    LOG[39m [38;5;3m[InstanceLoader] [39m[32mPassportModule dependencies initialized[39m[38;5;3m +0ms[39m
[32m[Nest] 23808  - [39m04/02/2026, 5:15:20 PM [32m    LOG[39m [38;5;3m[InstanceLoader] [39m[32mConfigHostModule dependencies initialized[39m[38;5;3m +11ms[39m
[32m[Nest] 23808  - [39m04/02/2026, 5:15:20 PM [32m    LOG[39m [38;5;3m[InstanceLoader] [39m[32mJwtModule dependencies initialized[39m[38;5;3m +0ms[39m
[32m[Nest] 23808  - [39m04/02/2026, 5:15:20 PM [32m    LOG[39m [38;5;3m[InstanceLoader] [39m[32mAppModule dependencies initialized[39m[38;5;3m +2ms[39m
[32m[Nest] 23808  - [39m04/02/2026, 5:15:20 PM [32m    LOG[39m [38;5;3m[InstanceLoader] [39m[32mConfigModule dependencies initialized[39m[38;5;3m +0ms[39m
[32m[Nest] 23808  - [39m04/02/2026, 5:15:20 PM [32m    LOG[39m [38;5;3m[InstanceLoader] [39m[32mAuthModule dependencies initialized[39m[38;5;3m +2ms[39m
[32m[Nest] 23808  - [39m04/02/2026, 5:15:20 PM [32m    LOG[39m [38;5;3m[InstanceLoader] [39m[32mPropertiesModule dependencies initialized[39m[38;5;3m +1ms[39m
[32m[Nest] 23808  - [39m04/02/2026, 5:15:20 PM [32m    LOG[39m [38;5;3m[InstanceLoader] [39m[32mPaymentsModule dependencies initialized[39m[38;5;3m +0ms[39m
[32m[Nest] 23808  - [39m04/02/2026, 5:15:20 PM [32m    LOG[39m [38;5;3m[InstanceLoader] [39m[32mReportsModule dependencies initialized[39m[38;5;3m +1ms[39m
[32m[Nest] 23808  - [39m04/02/2026, 5:15:20 PM [32m    LOG[39m [38;5;3m[InstanceLoader] [39m[32mInvoicesModule dependencies initialized[39m[38;5;3m +0ms[39m
[32m[Nest] 23808  - [39m04/02/2026, 5:15:20 PM [32m    LOG[39m [38;5;3m[RoutesResolver] [39m[32mAppController {/api/v1}:[39m[38;5;3m +114ms[39m
[32m[Nest] 23808  - [39m04/02/2026, 5:15:20 PM [32m    LOG[39m [38;5;3m[RouterExplorer] [39m[32mMapped {/api/v1, GET} route[39m[38;5;3m +7ms[39m
[32m[Nest] 23808  - [39m04/02/2026, 5:15:20 PM [32m    LOG[39m [38;5;3m[RoutesResolver] [39m[32mAuthController {/api/v1/auth}:[39m[38;5;3m +0ms[39m
[32m[Nest] 23808  - [39m04/02/2026, 5:15:20 PM [32m    LOG[39m [38;5;3m[RouterExplorer] [39m[32mMapped {/api/v1/auth/login, POST} route[39m[38;5;3m +2ms[39m
[32m[Nest] 23808  - [39m04/02/2026, 5:15:20 PM [32m    LOG[39m [38;5;3m[RouterExplorer] [39m[32mMapped {/api/v1/auth/refresh, POST} route[39m[38;5;3m +1ms[39m
[32m[Nest] 23808  - [39m04/02/2026, 5:15:20 PM [32m    LOG[39m [38;5;3m[RoutesResolver] [39m[32mPropertiesController {/api/v1/properties}:[39m[38;5;3m +0ms[39m
[32m[Nest] 23808  - [39m04/02/2026, 5:15:20 PM [32m    LOG[39m [38;5;3m[RouterExplorer] [39m[32mMapped {/api/v1/properties, GET} route[39m[38;5;3m +1ms[39m
[32m[Nest] 23808  - [39m04/02/2026, 5:15:20 PM [32m    LOG[39m [38;5;3m[RoutesResolver] [39m[32mPaymentsController {/api/v1/payments}:[39m[38;5;3m +1ms[39m
[32m[Nest] 23808  - [39m04/02/2026, 5:15:20 PM [32m    LOG[39m [38;5;3m[RouterExplorer] [39m[32mMapped {/api/v1/payments, POST} route[39m[38;5;3m +0ms[39m
[32m[Nest] 23808  - [39m04/02/2026, 5:15:20 PM [32m    LOG[39m [38;5;3m[RouterExplorer] [39m[32mMapped {/api/v1/payments/tenant, GET} route[39m[38;5;3m +1ms[39m
[32m[Nest] 23808  - [39m04/02/2026, 5:15:20 PM [32m    LOG[39m [38;5;3m[RouterExplorer] [39m[32mMapped {/api/v1/payments/pending, GET} route[39m[38;5;3m +1ms[39m
[32m[Nest] 23808  - [39m04/02/2026, 5:15:20 PM [32m    LOG[39m [38;5;3m[RouterExplorer] [39m[32mMapped {/api/v1/payments/:id/approve, PATCH} route[39m[38;5;3m +2ms[39m
[32m[Nest] 23808  - [39m04/02/2026, 5:15:20 PM [32m    LOG[39m [38;5;3m[RouterExplorer] [39m[32mMapped {/api/v1/payments/:id/reject, PATCH} route[39m[38;5;3m +1ms[39m
[32m[Nest] 23808  - [39m04/02/2026, 5:15:20 PM [32m    LOG[39m [38;5;3m[RoutesResolver] [39m[32mReportsController {/api/v1/reports}:[39m[38;5;3m +0ms[39m
[32m[Nest] 23808  - [39m04/02/2026, 5:15:20 PM [32m    LOG[39m [38;5;3m[RouterExplorer] [39m[32mMapped {/api/v1/reports/summary, GET} route[39m[38;5;3m +1ms[39m
[32m[Nest] 23808  - [39m04/02/2026, 5:15:20 PM [32m    LOG[39m [38;5;3m[RoutesResolver] [39m[32mInvoicesController {/api/v1/invoices}:[39m[38;5;3m +0ms[39m
[32m[Nest] 23808  - [39m04/02/2026, 5:15:20 PM [32m    LOG[39m [38;5;3m[RouterExplorer] [39m[32mMapped {/api/v1/invoices, GET} route[39m[38;5;3m +0ms[39m
[32m[Nest] 23808  - [39m04/02/2026, 5:15:20 PM [32m    LOG[39m [38;5;3m[RouterExplorer] [39m[32mMapped {/api/v1/invoices/:id, GET} route[39m[38;5;3m +1ms[39m
prisma:info Starting a postgresql pool with 9 connections.
[32m[Nest] 23808  - [39m04/02/2026, 5:15:22 PM [32m    LOG[39m [38;5;3m[NestApplication] [39m[32mNest application successfully started[39m[38;5;3m +1656ms[39m
